Using pre-set license
Built from '2020.3/staging' branch; Version is '2020.3.23f1 (c5d91304a876) revision 12966163'; Using compiler version '192528614'; Build Type 'Release'
OS: 'Windows 10 Pro; OS build 22538.1010; Version 2009; 64bit' Language: 'en' Physical Memory: 32552 MB
BatchMode: 1, IsHumanControllingUs: 0, StartBugReporterOnCrash: 0, Is64bit: 1, IsPro: 0

COMMAND LINE ARGUMENTS:
C:\Program Files\Unity\Hub\Editor\2020.3.23f1\Editor\Unity.exe
-adb2
-batchMode
-noUpm
-name
AssetImportWorker0
-projectPath
C:/Users/dover/EscapeRoom
-logFile
Logs/AssetImportWorker0.log
-srvPort
55717
Successfully changed project path to: C:/Users/dover/EscapeRoom
C:/Users/dover/EscapeRoom
Using Asset Import Pipeline V2.
Refreshing native plugins compatible for Editor in 78.72 ms, found 3 plugins.
Preloading 0 native plugins for Editor in 0.00 ms.
Initialize engine version: 2020.3.23f1 (c5d91304a876)
[Subsystems] Discovering subsystems at path C:/Program Files/Unity/Hub/Editor/2020.3.23f1/Editor/Data/Resources/UnitySubsystems
[Subsystems] Discovering subsystems at path C:/Users/dover/EscapeRoom/Assets
GfxDevice: creating device client; threaded=0
Direct3D:
    Version:  Direct3D 11.0 [level 11.1]
    Renderer: NVIDIA GeForce RTX 2070 Super (ID=0x1e91)
    Vendor:   
    VRAM:     8012 MB
    Driver:   30.0.14.9649
Initialize mono
Mono path[0] = 'C:/Program Files/Unity/Hub/Editor/2020.3.23f1/Editor/Data/Managed'
Mono path[1] = 'C:/Program Files/Unity/Hub/Editor/2020.3.23f1/Editor/Data/MonoBleedingEdge/lib/mono/unityjit'
Mono config path = 'C:/Program Files/Unity/Hub/Editor/2020.3.23f1/Editor/Data/MonoBleedingEdge/etc'
Using monoOptions --debugger-agent=transport=dt_socket,embedding=1,server=y,suspend=n,address=127.0.0.1:56704
Begin MonoManager ReloadAssembly
Registering precompiled unity dll's ...
Register platform support module: C:/Program Files/Unity/Hub/Editor/2020.3.23f1/Editor/Data/PlaybackEngines/WebGLSupport/UnityEditor.WebGL.Extensions.dll
Register platform support module: C:/Program Files/Unity/Hub/Editor/2020.3.23f1/Editor/Data/PlaybackEngines/WindowsStandaloneSupport/UnityEditor.WindowsStandalone.Extensions.dll
Registered in 0.003330 seconds.
Native extension for WindowsStandalone target not found
Native extension for WebGL target not found
Refreshing native plugins compatible for Editor in 62.40 ms, found 3 plugins.
Preloading 0 native plugins for Editor in 0.00 ms.
Mono: successfully reloaded assembly
- Completed reload, in  0.802 seconds
Domain Reload Profiling:
	ReloadAssembly (802ms)
		BeginReloadAssembly (75ms)
			ExecutionOrderSort (0ms)
			DisableScriptedObjects (0ms)
			BackupInstance (0ms)
			ReleaseScriptingObjects (0ms)
			CreateAndSetChildDomain (1ms)
		EndReloadAssembly (636ms)
			LoadAssemblies (72ms)
			RebuildTransferFunctionScriptingTraits (0ms)
			SetupTypeCache (193ms)
			ReleaseScriptCaches (0ms)
			RebuildScriptCaches (51ms)
			SetupLoadedEditorAssemblies (253ms)
				LogAssemblyErrors (0ms)
				InitializePlatformSupportModulesInManaged (7ms)
				SetLoadedEditorAssemblies (0ms)
				RefreshPlugins (63ms)
				BeforeProcessingInitializeOnLoad (22ms)
				ProcessInitializeOnLoadAttributes (125ms)
				ProcessInitializeOnLoadMethodAttributes (36ms)
				AfterProcessingInitializeOnLoad (0ms)
				EditorAssembliesLoaded (0ms)
			ExecutionOrderSort2 (0ms)
			AwakeInstancesAfterBackupRestoration (0ms)
Platform modules already initialized, skipping
Registering precompiled user dll's ...
Registered in 0.007709 seconds.
Begin MonoManager ReloadAssembly
Native extension for WindowsStandalone target not found
Native extension for WebGL target not found
Refreshing native plugins compatible for Editor in 55.23 ms, found 3 plugins.
Preloading 0 native plugins for Editor in 0.00 ms.
Mono: successfully reloaded assembly
- Completed reload, in  1.480 seconds
Domain Reload Profiling:
	ReloadAssembly (1481ms)
		BeginReloadAssembly (179ms)
			ExecutionOrderSort (0ms)
			DisableScriptedObjects (7ms)
			BackupInstance (0ms)
			ReleaseScriptingObjects (0ms)
			CreateAndSetChildDomain (20ms)
		EndReloadAssembly (1217ms)
			LoadAssemblies (130ms)
			RebuildTransferFunctionScriptingTraits (0ms)
			SetupTypeCache (388ms)
			ReleaseScriptCaches (1ms)
			RebuildScriptCaches (73ms)
			SetupLoadedEditorAssemblies (467ms)
				LogAssemblyErrors (0ms)
				InitializePlatformSupportModulesInManaged (6ms)
				SetLoadedEditorAssemblies (0ms)
				RefreshPlugins (55ms)
				BeforeProcessingInitializeOnLoad (108ms)
				ProcessInitializeOnLoadAttributes (267ms)
				ProcessInitializeOnLoadMethodAttributes (22ms)
				AfterProcessingInitializeOnLoad (9ms)
				EditorAssembliesLoaded (0ms)
			ExecutionOrderSort2 (0ms)
			AwakeInstancesAfterBackupRestoration (8ms)
Platform modules already initialized, skipping
========================================================================
Worker process is ready to serve import requests
Launched and connected shader compiler UnityShaderCompiler.exe after 0.06 seconds
Refreshing native plugins compatible for Editor in 0.60 ms, found 3 plugins.
Preloading 0 native plugins for Editor in 0.00 ms.
Unloading 2198 Unused Serialized files (Serialized files now loaded: 0)
System memory in use before: 95.8 MB.
System memory in use after: 95.9 MB.

Unloading 28 unused Assets to reduce memory usage. Loaded Objects now: 2631.
Total: 3.431600 ms (FindLiveObjects: 0.293600 ms CreateObjectMapping: 0.108400 ms MarkObjects: 2.952600 ms  DeleteObjects: 0.075700 ms)

AssetImportParameters requested are different than current active one (requested -> active):
  custom:framework-win-MediaFoundation: 216162199b28c13a410421893ffa2e32 -> 
  custom:video-decoder-ogg-theora: a1e56fd34408186e4bbccfd4996cb3dc -> 
  custom:container-muxer-webm: aa71ff27fc2769a1b78a27578f13a17b -> 
  custom:container-demuxer-webm: 4f35f7cbe854078d1ac9338744f61a02 -> 
  custom:container-demuxer-ogg: 62fdf1f143b41e24485cea50d1cbac27 -> 
  custom:video-encoder-webm-vp8: eb34c28f22e8b96e1ab97ce403110664 -> 
  custom:video-codec-MediaFoundation-h265: 746d11721c4dcdbdad8f713fa42b33f4 -> 
  custom:video-decoder-webm-vp8: 9c59270c3fd7afecdb556c50c9e8de78 -> 
  custom:audio-decoder-ogg-vorbis: bf7c407c2cedff20999df2af8eb42d56 -> 
  custom:audio-encoder-webm-vorbis: bf7c407c2cedff20999df2af8eb42d56 -> 
========================================================================
Received Import Request.
  path: Assets/CameraFocus.cs
  artifactKey: Guid(4c84dab05572d4f409e2b7929e54d951) Importer(815301076,1909f56bfc062723c751e8b465ee728b)
Start importing Assets/CameraFocus.cs using Guid(4c84dab05572d4f409e2b7929e54d951) Importer(815301076,1909f56bfc062723c751e8b465ee728b)  -> (artifact id: 'e5672cbd17ac451c88b995b97366a8ff') in 0.031199 seconds 
  Import took 0.034834 seconds .

========================================================================
Received Import Request.
  Time since last request: 17.507163 seconds.
  path: Assets/CameraFocus.cs
  artifactKey: Guid(4c84dab05572d4f409e2b7929e54d951) Importer(815301076,1909f56bfc062723c751e8b465ee728b)
Start importing Assets/CameraFocus.cs using Guid(4c84dab05572d4f409e2b7929e54d951) Importer(815301076,1909f56bfc062723c751e8b465ee728b)  -> (artifact id: 'fb1d4bdbacb6572bd5c253d516db2ec0') in 0.002566 seconds 
  Import took 0.008810 seconds .

========================================================================
Received Import Request.
  Time since last request: 7.489262 seconds.
  path: Assets/CameraFocus.cs
  artifactKey: Guid(4c84dab05572d4f409e2b7929e54d951) Importer(815301076,1909f56bfc062723c751e8b465ee728b)
Start importing Assets/CameraFocus.cs using Guid(4c84dab05572d4f409e2b7929e54d951) Importer(815301076,1909f56bfc062723c751e8b465ee728b)  -> (artifact id: 'a8a02c3cd5d3b3f3e41402020e8f64f4') in 0.003470 seconds 
  Import took 0.008738 seconds .

========================================================================
Received Import Request.
  Time since last request: 4.552082 seconds.
  path: Assets/CameraFocus.cs
  artifactKey: Guid(4c84dab05572d4f409e2b7929e54d951) Importer(815301076,1909f56bfc062723c751e8b465ee728b)
Start importing Assets/CameraFocus.cs using Guid(4c84dab05572d4f409e2b7929e54d951) Importer(815301076,1909f56bfc062723c751e8b465ee728b)  -> (artifact id: '8745d94cebbb3a12e667f23b7b499c10') in 0.001994 seconds 
  Import took 0.007694 seconds .

========================================================================
Received Import Request.
  Time since last request: 35.696255 seconds.
  path: Assets/CameraFocus.cs
  artifactKey: Guid(4c84dab05572d4f409e2b7929e54d951) Importer(815301076,1909f56bfc062723c751e8b465ee728b)
Start importing Assets/CameraFocus.cs using Guid(4c84dab05572d4f409e2b7929e54d951) Importer(815301076,1909f56bfc062723c751e8b465ee728b)  -> (artifact id: '4926a61e0fc73b02664d49b7df3a8677') in 0.002553 seconds 
  Import took 0.007290 seconds .

========================================================================
Received Import Request.
  Time since last request: 20.858051 seconds.
  path: Assets/CameraFocus.cs
  artifactKey: Guid(4c84dab05572d4f409e2b7929e54d951) Importer(815301076,1909f56bfc062723c751e8b465ee728b)
Start importing Assets/CameraFocus.cs using Guid(4c84dab05572d4f409e2b7929e54d951) Importer(815301076,1909f56bfc062723c751e8b465ee728b)  -> (artifact id: '1365a7d0229178738e4cb7d0378cf2cb') in 0.001775 seconds 
  Import took 0.007150 seconds .

========================================================================
Received Import Request.
  Time since last request: 34.089482 seconds.
  path: Assets/CameraFocus.cs
  artifactKey: Guid(4c84dab05572d4f409e2b7929e54d951) Importer(815301076,1909f56bfc062723c751e8b465ee728b)
Start importing Assets/CameraFocus.cs using Guid(4c84dab05572d4f409e2b7929e54d951) Importer(815301076,1909f56bfc062723c751e8b465ee728b)  -> (artifact id: '2c10473c3b6bc3d0370132c4c0ec79d3') in 0.002496 seconds 
  Import took 0.007170 seconds .

========================================================================
Received Prepare
Registering precompiled user dll's ...
Registered in 0.009020 seconds.
Begin MonoManager ReloadAssembly
Native extension for WindowsStandalone target not found
Native extension for WebGL target not found
Refreshing native plugins compatible for Editor in 0.58 ms, found 3 plugins.
Preloading 0 native plugins for Editor in 0.00 ms.
Mono: successfully reloaded assembly
- Completed reload, in  1.437 seconds
Domain Reload Profiling:
	ReloadAssembly (1437ms)
		BeginReloadAssembly (175ms)
			ExecutionOrderSort (0ms)
			DisableScriptedObjects (10ms)
			BackupInstance (0ms)
			ReleaseScriptingObjects (0ms)
			CreateAndSetChildDomain (44ms)
		EndReloadAssembly (1177ms)
			LoadAssemblies (143ms)
			RebuildTransferFunctionScriptingTraits (0ms)
			SetupTypeCache (440ms)
			ReleaseScriptCaches (2ms)
			RebuildScriptCaches (80ms)
			SetupLoadedEditorAssemblies (391ms)
				LogAssemblyErrors (0ms)
				InitializePlatformSupportModulesInManaged (7ms)
				SetLoadedEditorAssemblies (1ms)
				RefreshPlugins (1ms)
				BeforeProcessingInitializeOnLoad (111ms)
				ProcessInitializeOnLoadAttributes (246ms)
				ProcessInitializeOnLoadMethodAttributes (16ms)
				AfterProcessingInitializeOnLoad (10ms)
				EditorAssembliesLoaded (0ms)
			ExecutionOrderSort2 (0ms)
			AwakeInstancesAfterBackupRestoration (12ms)
Platform modules already initialized, skipping
Refreshing native plugins compatible for Editor in 0.55 ms, found 3 plugins.
Preloading 0 native plugins for Editor in 0.00 ms.
Unloading 2187 Unused Serialized files (Serialized files now loaded: 0)
System memory in use before: 95.2 MB.
System memory in use after: 95.3 MB.

Unloading 17 unused Assets to reduce memory usage. Loaded Objects now: 2633.
Total: 4.307400 ms (FindLiveObjects: 0.228700 ms CreateObjectMapping: 0.096800 ms MarkObjects: 3.946000 ms  DeleteObjects: 0.034600 ms)

AssetImportParameters requested are different than current active one (requested -> active):
  custom:framework-win-MediaFoundation: 216162199b28c13a410421893ffa2e32 -> 
  custom:video-decoder-ogg-theora: a1e56fd34408186e4bbccfd4996cb3dc -> 
  custom:container-muxer-webm: aa71ff27fc2769a1b78a27578f13a17b -> 
  custom:container-demuxer-webm: 4f35f7cbe854078d1ac9338744f61a02 -> 
  custom:container-demuxer-ogg: 62fdf1f143b41e24485cea50d1cbac27 -> 
  custom:video-encoder-webm-vp8: eb34c28f22e8b96e1ab97ce403110664 -> 
  custom:video-codec-MediaFoundation-h265: 746d11721c4dcdbdad8f713fa42b33f4 -> 
  custom:video-decoder-webm-vp8: 9c59270c3fd7afecdb556c50c9e8de78 -> 
  custom:audio-decoder-ogg-vorbis: bf7c407c2cedff20999df2af8eb42d56 -> 
  custom:audio-encoder-webm-vorbis: bf7c407c2cedff20999df2af8eb42d56 -> 
========================================================================
Received Import Request.
  Time since last request: 502.359960 seconds.
  path: Assets/Scenes
  artifactKey: Guid(7ba481a4787c7ed419d7091a95b8f2bb) Importer(815301076,1909f56bfc062723c751e8b465ee728b)
Start importing Assets/Scenes using Guid(7ba481a4787c7ed419d7091a95b8f2bb) Importer(815301076,1909f56bfc062723c751e8b465ee728b)  -> (artifact id: 'a9c208006cde08d04fbc42a073419bd2') in 0.011377 seconds 
  Import took 0.019708 seconds .

========================================================================
Received Import Request.
  Time since last request: 0.658462 seconds.
  path: Assets/Scenes/SampleScene.unity
  artifactKey: Guid(2cda990e2423bbf4892e6590ba056729) Importer(815301076,1909f56bfc062723c751e8b465ee728b)
Start importing Assets/Scenes/SampleScene.unity using Guid(2cda990e2423bbf4892e6590ba056729) Importer(815301076,1909f56bfc062723c751e8b465ee728b)  -> (artifact id: '42ba2b36b787ad042c20682c5054e99c') in 0.024440 seconds 
  Import took 0.032510 seconds .

========================================================================
Received Import Request.
  Time since last request: 92.381353 seconds.
  path: Assets/Scenes/Noraneko_Backgrounds_Shrine
  artifactKey: Guid(96b75013d1d0f3a479d215ec2b2f7f17) Importer(815301076,1909f56bfc062723c751e8b465ee728b)
Start importing Assets/Scenes/Noraneko_Backgrounds_Shrine using Guid(96b75013d1d0f3a479d215ec2b2f7f17) Importer(815301076,1909f56bfc062723c751e8b465ee728b)  -> (artifact id: '2887b64227b8a0417f31da9daa1f74f7') in 0.002818 seconds 
  Import took 0.007255 seconds .

========================================================================
Received Import Request.
  Time since last request: 0.071026 seconds.
  path: Assets/Scenes/Noraneko_Backgrounds_Shrine/Shrine_Spring_Cloudy.png
  artifactKey: Guid(b26b1fdbf76886b41a1827863a143724) Importer(815301076,1909f56bfc062723c751e8b465ee728b)
Start importing Assets/Scenes/Noraneko_Backgrounds_Shrine/Shrine_Spring_Cloudy.png using Guid(b26b1fdbf76886b41a1827863a143724) Importer(815301076,1909f56bfc062723c751e8b465ee728b)  -> (artifact id: 'aeffb1cec76cd8f6f1e60fa83ad07fd1') in 0.128209 seconds 
  Import took 0.133304 seconds .

========================================================================
Received Import Request.
  Time since last request: 0.000584 seconds.
  path: Assets/Scenes/Noraneko_Backgrounds_Shrine/Shrine_Spring_Storm.png
  artifactKey: Guid(37fa6af7aaaa29f4087d4daa4781e27c) Importer(815301076,1909f56bfc062723c751e8b465ee728b)
Start importing Assets/Scenes/Noraneko_Backgrounds_Shrine/Shrine_Spring_Storm.png using Guid(37fa6af7aaaa29f4087d4daa4781e27c) Importer(815301076,1909f56bfc062723c751e8b465ee728b)  -> (artifact id: '735a644808d7369431851f6bf29ae890') in 0.022839 seconds 
  Import took 0.029326 seconds .

========================================================================
Received Import Request.
  Time since last request: 0.000572 seconds.
  path: Assets/Scenes/Noraneko_Backgrounds_Shrine/Shrine_Summer_Night.png
  artifactKey: Guid(2a360465e3b781d49ac7590cd5c6d1c0) Importer(815301076,1909f56bfc062723c751e8b465ee728b)
Start importing Assets/Scenes/Noraneko_Backgrounds_Shrine/Shrine_Summer_Night.png using Guid(2a360465e3b781d49ac7590cd5c6d1c0) Importer(815301076,1909f56bfc062723c751e8b465ee728b)  -> (artifact id: 'd5000deaacb855b1d6ade804a6b8cba1') in 0.022681 seconds 
  Import took 0.028525 seconds .

========================================================================
Received Import Request.
  Time since last request: 0.000508 seconds.
  path: Assets/Scenes/Noraneko_Backgrounds_Shrine/Shrine_Spring_Rain.png
  artifactKey: Guid(8ce23fe5aceed534788c96fec46c7d64) Importer(815301076,1909f56bfc062723c751e8b465ee728b)
Start importing Assets/Scenes/Noraneko_Backgrounds_Shrine/Shrine_Spring_Rain.png using Guid(8ce23fe5aceed534788c96fec46c7d64) Importer(815301076,1909f56bfc062723c751e8b465ee728b)  -> (artifact id: 'b2347e75b197172f30b382d000b863fd') in 0.019660 seconds 
  Import took 0.024276 seconds .

========================================================================
Received Import Request.
  Time since last request: 0.000505 seconds.
  path: Assets/Scenes/Noraneko_Backgrounds_Shrine/Shrine_Spring_Day.png
  artifactKey: Guid(3762e5a6517e9634a9a9626556c4c116) Importer(815301076,1909f56bfc062723c751e8b465ee728b)
Start importing Assets/Scenes/Noraneko_Backgrounds_Shrine/Shrine_Spring_Day.png using Guid(3762e5a6517e9634a9a9626556c4c116) Importer(815301076,1909f56bfc062723c751e8b465ee728b)  -> (artifact id: 'ccf2fc8a6ca2b36a11b89eac03d0fd1d') in 0.026388 seconds 
  Import took 0.031800 seconds .

========================================================================
Received Import Request.
  Time since last request: 0.000526 seconds.
  path: Assets/Scenes/Noraneko_Backgrounds_Shrine/Shrine_Spring_Storm_Rain.png
  artifactKey: Guid(5b7af671f82062840be28674f7c4cd91) Importer(815301076,1909f56bfc062723c751e8b465ee728b)
Start importing Assets/Scenes/Noraneko_Backgrounds_Shrine/Shrine_Spring_Storm_Rain.png using Guid(5b7af671f82062840be28674f7c4cd91) Importer(815301076,1909f56bfc062723c751e8b465ee728b)  -> (artifact id: 'fd8984cc3c1cd05d6ffbb3eb58c669b4') in 0.024735 seconds 
  Import took 0.031028 seconds .

========================================================================
Received Import Request.
  Time since last request: 0.000560 seconds.
  path: Assets/Scenes/Noraneko_Backgrounds_Shrine/Shrine_Summer_Day.png
  artifactKey: Guid(d80ac775889849b46a431053d756ea87) Importer(815301076,1909f56bfc062723c751e8b465ee728b)
Start importing Assets/Scenes/Noraneko_Backgrounds_Shrine/Shrine_Summer_Day.png using Guid(d80ac775889849b46a431053d756ea87) Importer(815301076,1909f56bfc062723c751e8b465ee728b)  -> (artifact id: 'b9426adc209057771ea63494a2931d8d') in 0.024243 seconds 
  Import took 0.030898 seconds .

========================================================================
Received Import Request.
  Time since last request: 0.000606 seconds.
  path: Assets/Scenes/Noraneko_Backgrounds_Shrine/Shrine_Summer_Evening.png
  artifactKey: Guid(d801939b5913b36478e365e3c5abbfea) Importer(815301076,1909f56bfc062723c751e8b465ee728b)
Start importing Assets/Scenes/Noraneko_Backgrounds_Shrine/Shrine_Summer_Evening.png using Guid(d801939b5913b36478e365e3c5abbfea) Importer(815301076,1909f56bfc062723c751e8b465ee728b)  -> (artifact id: 'f89e7ea7e18e697afaff639f014c305e') in 0.025291 seconds 
  Import took 0.031872 seconds .

========================================================================
Received Import Request.
  Time since last request: 0.000504 seconds.
  path: Assets/Scenes/Noraneko_Backgrounds_Shrine/Shrine_Spring_Evening.png
  artifactKey: Guid(71cab8e9d793aae4ea9de9d414b7ee5a) Importer(815301076,1909f56bfc062723c751e8b465ee728b)
Start importing Assets/Scenes/Noraneko_Backgrounds_Shrine/Shrine_Spring_Evening.png using Guid(71cab8e9d793aae4ea9de9d414b7ee5a) Importer(815301076,1909f56bfc062723c751e8b465ee728b)  -> (artifact id: 'c18c065714825c5cba8098640cb596a7') in 0.023190 seconds 
  Import took 0.028693 seconds .

========================================================================
Received Import Request.
  Time since last request: 0.000526 seconds.
  path: Assets/Scenes/Noraneko_Backgrounds_Shrine/Shrine_Spring_Night.png
  artifactKey: Guid(e39482f1d13803a4998240ad388ec808) Importer(815301076,1909f56bfc062723c751e8b465ee728b)
Start importing Assets/Scenes/Noraneko_Backgrounds_Shrine/Shrine_Spring_Night.png using Guid(e39482f1d13803a4998240ad388ec808) Importer(815301076,1909f56bfc062723c751e8b465ee728b)  -> (artifact id: '3a8c4e45d8d815a37f492e0913a8f79a') in 0.021523 seconds 
  Import took 0.026313 seconds .

========================================================================
Received Import Request.
  Time since last request: 6.552287 seconds.
  path: Assets/Scenes/Noraneko_Backgrounds_Pack_2
  artifactKey: Guid(b280da5bccca6b247b49b691f93e567b) Importer(815301076,1909f56bfc062723c751e8b465ee728b)
Start importing Assets/Scenes/Noraneko_Backgrounds_Pack_2 using Guid(b280da5bccca6b247b49b691f93e567b) Importer(815301076,1909f56bfc062723c751e8b465ee728b)  -> (artifact id: '7b516830184d3e856b93dfa2b5b441bd') in 0.003375 seconds 
  Import took 0.009355 seconds .

========================================================================
Received Import Request.
  Time since last request: 0.055821 seconds.
  path: Assets/Scenes/Noraneko_Backgrounds_Pack_2/Bedroom_Day.png
  artifactKey: Guid(b2206e10fab6803478e6c94ba58b9d74) Importer(815301076,1909f56bfc062723c751e8b465ee728b)
Start importing Assets/Scenes/Noraneko_Backgrounds_Pack_2/Bedroom_Day.png using Guid(b2206e10fab6803478e6c94ba58b9d74) Importer(815301076,1909f56bfc062723c751e8b465ee728b)  -> (artifact id: '97d4dc98786296be698975d90d85730c') in 0.020979 seconds 
  Import took 0.027216 seconds .

========================================================================
Received Import Request.
  Time since last request: 0.000561 seconds.
  path: Assets/Scenes/Noraneko_Backgrounds_Pack_2/Livingroom_Day.png
  artifactKey: Guid(fdebb2ec27b17814a8259683c9e5d5be) Importer(815301076,1909f56bfc062723c751e8b465ee728b)
Start importing Assets/Scenes/Noraneko_Backgrounds_Pack_2/Livingroom_Day.png using Guid(fdebb2ec27b17814a8259683c9e5d5be) Importer(815301076,1909f56bfc062723c751e8b465ee728b)  -> (artifact id: '1499fd9beb8b25e80f5e2d0e7f23752e') in 0.021229 seconds 
  Import took 0.027161 seconds .

========================================================================
Received Import Request.
  Time since last request: 0.000498 seconds.
  path: Assets/Scenes/Noraneko_Backgrounds_Pack_2/Livingroom_Night.png
  artifactKey: Guid(2f881b1ed2d213a46bdfba6c7031b489) Importer(815301076,1909f56bfc062723c751e8b465ee728b)
Start importing Assets/Scenes/Noraneko_Backgrounds_Pack_2/Livingroom_Night.png using Guid(2f881b1ed2d213a46bdfba6c7031b489) Importer(815301076,1909f56bfc062723c751e8b465ee728b)  -> (artifact id: '602d611d42d2b0d251ec0086c6276863') in 0.020038 seconds 
  Import took 0.025610 seconds .

========================================================================
Received Import Request.
  Time since last request: 0.000625 seconds.
  path: Assets/Scenes/Noraneko_Backgrounds_Pack_2/Street_Summer_Day.png
  artifactKey: Guid(535bafe2926f8644187ffe8a400aa437) Importer(815301076,1909f56bfc062723c751e8b465ee728b)
Start importing Assets/Scenes/Noraneko_Backgrounds_Pack_2/Street_Summer_Day.png using Guid(535bafe2926f8644187ffe8a400aa437) Importer(815301076,1909f56bfc062723c751e8b465ee728b)  -> (artifact id: '624a3377e8aa2be979579b2cdf1659bc') in 0.018622 seconds 
  Import took 0.024382 seconds .

========================================================================
Received Import Request.
  Time since last request: 0.000569 seconds.
  path: Assets/Scenes/Noraneko_Backgrounds_Pack_2/School_Hallway_Day.png
  artifactKey: Guid(e4219ec584bafde41b4409af13c65d0c) Importer(815301076,1909f56bfc062723c751e8b465ee728b)
Start importing Assets/Scenes/Noraneko_Backgrounds_Pack_2/School_Hallway_Day.png using Guid(e4219ec584bafde41b4409af13c65d0c) Importer(815301076,1909f56bfc062723c751e8b465ee728b)  -> (artifact id: '0256da292a50e950ef4dfc4bfcef1811') in 0.021814 seconds 
  Import took 0.026883 seconds .

========================================================================
Received Import Request.
  Time since last request: 0.000447 seconds.
  path: Assets/Scenes/Noraneko_Backgrounds_Pack_2/Livingroom_Dark.png
  artifactKey: Guid(310effdaaf541bb4a82f4d9a9124a294) Importer(815301076,1909f56bfc062723c751e8b465ee728b)
Start importing Assets/Scenes/Noraneko_Backgrounds_Pack_2/Livingroom_Dark.png using Guid(310effdaaf541bb4a82f4d9a9124a294) Importer(815301076,1909f56bfc062723c751e8b465ee728b)  -> (artifact id: 'c18289d022856dc9172e30a72611dad4') in 0.017082 seconds 
  Import took 0.021258 seconds .

========================================================================
Received Import Request.
  Time since last request: 0.000477 seconds.
  path: Assets/Scenes/Noraneko_Backgrounds_Pack_2/Bedroom_Night_Dark.png
  artifactKey: Guid(20fdc4437dd9de04d819717fcf83b003) Importer(815301076,1909f56bfc062723c751e8b465ee728b)
Start importing Assets/Scenes/Noraneko_Backgrounds_Pack_2/Bedroom_Night_Dark.png using Guid(20fdc4437dd9de04d819717fcf83b003) Importer(815301076,1909f56bfc062723c751e8b465ee728b)  -> (artifact id: '563ddcf02e5afe95ac5c5e3aa7d6389e') in 0.018579 seconds 
  Import took 0.023639 seconds .

========================================================================
Received Import Request.
  Time since last request: 0.000400 seconds.
  path: Assets/Scenes/Noraneko_Backgrounds_Pack_2/City_Morning.png
  artifactKey: Guid(a285e862c3f166748ad3ce6a6c83e6a5) Importer(815301076,1909f56bfc062723c751e8b465ee728b)
Start importing Assets/Scenes/Noraneko_Backgrounds_Pack_2/City_Morning.png using Guid(a285e862c3f166748ad3ce6a6c83e6a5) Importer(815301076,1909f56bfc062723c751e8b465ee728b)  -> (artifact id: 'f4b6577c26664890bd072844cb7fb602') in 0.023570 seconds 
  Import took 0.028660 seconds .

========================================================================
Received Import Request.
  Time since last request: 0.000580 seconds.
  path: Assets/Scenes/Noraneko_Backgrounds_Pack_2/Street_Spring_Rain.png
  artifactKey: Guid(8b96e1cb9a5ca2f4d9e2fa938d7408c4) Importer(815301076,1909f56bfc062723c751e8b465ee728b)
Start importing Assets/Scenes/Noraneko_Backgrounds_Pack_2/Street_Spring_Rain.png using Guid(8b96e1cb9a5ca2f4d9e2fa938d7408c4) Importer(815301076,1909f56bfc062723c751e8b465ee728b)  -> (artifact id: 'bd54f7625f571fb5b1549b98b33c7af8') in 0.022261 seconds 
  Import took 0.027302 seconds .

========================================================================
Received Import Request.
  Time since last request: 0.000528 seconds.
  path: Assets/Scenes/Noraneko_Backgrounds_Pack_2/Street_Autumn_Night.png
  artifactKey: Guid(036fc06f6cf17c944bbba3ecf4a24231) Importer(815301076,1909f56bfc062723c751e8b465ee728b)
Start importing Assets/Scenes/Noraneko_Backgrounds_Pack_2/Street_Autumn_Night.png using Guid(036fc06f6cf17c944bbba3ecf4a24231) Importer(815301076,1909f56bfc062723c751e8b465ee728b)  -> (artifact id: '2244eca06bc15f9d867a0318ee4e7b4f') in 0.022383 seconds 
  Import took 0.028459 seconds .

========================================================================
Received Import Request.
  Time since last request: 0.000509 seconds.
  path: Assets/Scenes/Noraneko_Backgrounds_Pack_2/Street_Summer_Night.png
  artifactKey: Guid(3a8e8555e424e594997079054e50823f) Importer(815301076,1909f56bfc062723c751e8b465ee728b)
Start importing Assets/Scenes/Noraneko_Backgrounds_Pack_2/Street_Summer_Night.png using Guid(3a8e8555e424e594997079054e50823f) Importer(815301076,1909f56bfc062723c751e8b465ee728b)  -> (artifact id: '077f2d102fb8b890cbb940af0b82e131') in 0.019724 seconds 
  Import took 0.025885 seconds .

========================================================================
Received Import Request.
  Time since last request: 0.000465 seconds.
  path: Assets/Scenes/Noraneko_Backgrounds_Pack_2/Bedroom_Night.png
  artifactKey: Guid(3557ff2daf3e0c94ab36d5a668b28cdb) Importer(815301076,1909f56bfc062723c751e8b465ee728b)
Start importing Assets/Scenes/Noraneko_Backgrounds_Pack_2/Bedroom_Night.png using Guid(3557ff2daf3e0c94ab36d5a668b28cdb) Importer(815301076,1909f56bfc062723c751e8b465ee728b)  -> (artifact id: '7cd77240922258492b09f428a9fe801e') in 0.021643 seconds 
  Import took 0.026833 seconds .

========================================================================
Received Import Request.
  Time since last request: 0.000453 seconds.
  path: Assets/Scenes/Noraneko_Backgrounds_Pack_2/Street_Summer_Rain.png
  artifactKey: Guid(84e275d239d4baa46a7a9edbc2e7738a) Importer(815301076,1909f56bfc062723c751e8b465ee728b)
Start importing Assets/Scenes/Noraneko_Backgrounds_Pack_2/Street_Summer_Rain.png using Guid(84e275d239d4baa46a7a9edbc2e7738a) Importer(815301076,1909f56bfc062723c751e8b465ee728b)  -> (artifact id: '99eed66d60a8a9b9754e4e43fd2cea85') in 0.023041 seconds 
  Import took 0.028059 seconds .

========================================================================
Received Import Request.
  Time since last request: 0.000534 seconds.
  path: Assets/Scenes/Noraneko_Backgrounds_Pack_2/Street_Autumn_Evening.png
  artifactKey: Guid(b05793013b81f9f4cb1ccae527e1e475) Importer(815301076,1909f56bfc062723c751e8b465ee728b)
Start importing Assets/Scenes/Noraneko_Backgrounds_Pack_2/Street_Autumn_Evening.png using Guid(b05793013b81f9f4cb1ccae527e1e475) Importer(815301076,1909f56bfc062723c751e8b465ee728b)  -> (artifact id: '2980c74b8108eb819b85594ed87478b4') in 0.023031 seconds 
  Import took 0.030262 seconds .

========================================================================
Received Import Request.
  Time since last request: 0.000531 seconds.
  path: Assets/Scenes/Noraneko_Backgrounds_Pack_2/Kitchen_Night.png
  artifactKey: Guid(93b49fe54c161ac4ca586774b438bf71) Importer(815301076,1909f56bfc062723c751e8b465ee728b)
Start importing Assets/Scenes/Noraneko_Backgrounds_Pack_2/Kitchen_Night.png using Guid(93b49fe54c161ac4ca586774b438bf71) Importer(815301076,1909f56bfc062723c751e8b465ee728b)  -> (artifact id: 'eeeba781455f5b8eb60c98cfcfa72e1f') in 0.023279 seconds 
  Import took 0.030102 seconds .

========================================================================
Received Import Request.
  Time since last request: 0.000660 seconds.
  path: Assets/Scenes/Noraneko_Backgrounds_Pack_2/Street_Spring_Evening.png
  artifactKey: Guid(2ca3530bcdccf07498423ca7a96e09fd) Importer(815301076,1909f56bfc062723c751e8b465ee728b)
Start importing Assets/Scenes/Noraneko_Backgrounds_Pack_2/Street_Spring_Evening.png using Guid(2ca3530bcdccf07498423ca7a96e09fd) Importer(815301076,1909f56bfc062723c751e8b465ee728b)  -> (artifact id: 'e6df87cc073368da668857f0ecd4d135') in 0.022887 seconds 
  Import took 0.029379 seconds .

========================================================================
Received Import Request.
  Time since last request: 0.000573 seconds.
  path: Assets/Scenes/Noraneko_Backgrounds_Pack_2/Street_Spring_Night.png
  artifactKey: Guid(4c11eeec4ed8ee142b349ebcce6d0424) Importer(815301076,1909f56bfc062723c751e8b465ee728b)
Start importing Assets/Scenes/Noraneko_Backgrounds_Pack_2/Street_Spring_Night.png using Guid(4c11eeec4ed8ee142b349ebcce6d0424) Importer(815301076,1909f56bfc062723c751e8b465ee728b)  -> (artifact id: '9b33b6f5985c1f1db030d6d44b47327a') in 0.021368 seconds 
  Import took 0.026315 seconds .

========================================================================
Received Import Request.
  Time since last request: 0.000657 seconds.
  path: Assets/Scenes/Noraneko_Backgrounds_Pack_2/City_Raining.png
  artifactKey: Guid(69350b7b309ac94498defd846d0083db) Importer(815301076,1909f56bfc062723c751e8b465ee728b)
Start importing Assets/Scenes/Noraneko_Backgrounds_Pack_2/City_Raining.png using Guid(69350b7b309ac94498defd846d0083db) Importer(815301076,1909f56bfc062723c751e8b465ee728b)  -> (artifact id: 'b9b8f1c04d23459fefade9ccba4f3d04') in 0.025600 seconds 
  Import took 0.031583 seconds .

========================================================================
Received Import Request.
  Time since last request: 0.000618 seconds.
  path: Assets/Scenes/Noraneko_Backgrounds_Pack_2/Street_Summer_Evening.png
  artifactKey: Guid(275da9f23a70a1f46af0a04d73362103) Importer(815301076,1909f56bfc062723c751e8b465ee728b)
Start importing Assets/Scenes/Noraneko_Backgrounds_Pack_2/Street_Summer_Evening.png using Guid(275da9f23a70a1f46af0a04d73362103) Importer(815301076,1909f56bfc062723c751e8b465ee728b)  -> (artifact id: '1980d5f1f7b092a90067686e87bb73d2') in 0.026351 seconds 
  Import took 0.032379 seconds .

========================================================================
Received Import Request.
  Time since last request: 0.000563 seconds.
  path: Assets/Scenes/Noraneko_Backgrounds_Pack_2/Street_Autumn_Day.png
  artifactKey: Guid(ae1d549ba124faf4e9d4b7d369250191) Importer(815301076,1909f56bfc062723c751e8b465ee728b)
Start importing Assets/Scenes/Noraneko_Backgrounds_Pack_2/Street_Autumn_Day.png using Guid(ae1d549ba124faf4e9d4b7d369250191) Importer(815301076,1909f56bfc062723c751e8b465ee728b)  -> (artifact id: 'e2eb96b865add55bf94753908f949517') in 0.021324 seconds 
  Import took 0.026162 seconds .

========================================================================
Received Import Request.
  Time since last request: 0.000499 seconds.
  path: Assets/Scenes/Noraneko_Backgrounds_Pack_2/Bedroom_Evening.png
  artifactKey: Guid(046907f3c84a2024d9c1f87f599e3d5d) Importer(815301076,1909f56bfc062723c751e8b465ee728b)
Start importing Assets/Scenes/Noraneko_Backgrounds_Pack_2/Bedroom_Evening.png using Guid(046907f3c84a2024d9c1f87f599e3d5d) Importer(815301076,1909f56bfc062723c751e8b465ee728b)  -> (artifact id: '5efe9a9b02c58b7c9bc9d66cb80b6fa0') in 0.021355 seconds 
  Import took 0.028130 seconds .

========================================================================
Received Import Request.
  Time since last request: 0.000624 seconds.
  path: Assets/Scenes/Noraneko_Backgrounds_Pack_2/Street_Spring_Day.png
  artifactKey: Guid(cb6cccb09b7f3094b91e130d2592a17a) Importer(815301076,1909f56bfc062723c751e8b465ee728b)
Start importing Assets/Scenes/Noraneko_Backgrounds_Pack_2/Street_Spring_Day.png using Guid(cb6cccb09b7f3094b91e130d2592a17a) Importer(815301076,1909f56bfc062723c751e8b465ee728b)  -> (artifact id: '00e01c55af8f3bcd89a5cddbcd37820a') in 0.022201 seconds 
  Import took 0.027793 seconds .

========================================================================
Received Import Request.
  Time since last request: 0.000598 seconds.
  path: Assets/Scenes/Noraneko_Backgrounds_Pack_2/City_Afternoon.png
  artifactKey: Guid(175752060ed637d46b69f589934a1ad8) Importer(815301076,1909f56bfc062723c751e8b465ee728b)
Start importing Assets/Scenes/Noraneko_Backgrounds_Pack_2/City_Afternoon.png using Guid(175752060ed637d46b69f589934a1ad8) Importer(815301076,1909f56bfc062723c751e8b465ee728b)  -> (artifact id: 'd7b8816030edb22d51a50439c197e291') in 0.021990 seconds 
  Import took 0.028465 seconds .

========================================================================
Received Import Request.
  Time since last request: 0.000499 seconds.
  path: Assets/Scenes/Noraneko_Backgrounds_Pack_2/Cafeteria_Day.png
  artifactKey: Guid(5dab29e0847a6d849aaa7280c2d13c28) Importer(815301076,1909f56bfc062723c751e8b465ee728b)
Start importing Assets/Scenes/Noraneko_Backgrounds_Pack_2/Cafeteria_Day.png using Guid(5dab29e0847a6d849aaa7280c2d13c28) Importer(815301076,1909f56bfc062723c751e8b465ee728b)  -> (artifact id: 'fc6bf2a2e0fd4274df1d5048c22b8857') in 0.021364 seconds 
  Import took 0.026631 seconds .

========================================================================
Received Import Request.
  Time since last request: 0.000518 seconds.
  path: Assets/Scenes/Noraneko_Backgrounds_Pack_2/Kitchen_Day.png
  artifactKey: Guid(319aa25581144594a8942aefe43997bd) Importer(815301076,1909f56bfc062723c751e8b465ee728b)
Start importing Assets/Scenes/Noraneko_Backgrounds_Pack_2/Kitchen_Day.png using Guid(319aa25581144594a8942aefe43997bd) Importer(815301076,1909f56bfc062723c751e8b465ee728b)  -> (artifact id: 'cbd41fc9946b87791b64b929a286eada') in 0.019576 seconds 
  Import took 0.024770 seconds .

========================================================================
Received Import Request.
  Time since last request: 0.000784 seconds.
  path: Assets/Scenes/Noraneko_Backgrounds_Pack_2/City_Night.png
  artifactKey: Guid(142e11ad0688b49469ae166ce0b9e959) Importer(815301076,1909f56bfc062723c751e8b465ee728b)
Start importing Assets/Scenes/Noraneko_Backgrounds_Pack_2/City_Night.png using Guid(142e11ad0688b49469ae166ce0b9e959) Importer(815301076,1909f56bfc062723c751e8b465ee728b)  -> (artifact id: 'a7b0afbfc19cdddae88b7a1a4e03478a') in 0.020880 seconds 
  Import took 0.027815 seconds .

========================================================================
Received Import Request.
  Time since last request: 0.000557 seconds.
  path: Assets/Scenes/Noraneko_Backgrounds_Pack_2/Classroom_Day.png
  artifactKey: Guid(efbb473b39161a641ac2a2cf28aef7fb) Importer(815301076,1909f56bfc062723c751e8b465ee728b)
Start importing Assets/Scenes/Noraneko_Backgrounds_Pack_2/Classroom_Day.png using Guid(efbb473b39161a641ac2a2cf28aef7fb) Importer(815301076,1909f56bfc062723c751e8b465ee728b)  -> (artifact id: 'a94f302fb3623cb69f67ae33786d784e') in 0.024966 seconds 
  Import took 0.030953 seconds .

========================================================================
Received Import Request.
  Time since last request: 0.000548 seconds.
  path: Assets/Scenes/Noraneko_Backgrounds_Pack_2/Street_Summer_Stars.png
  artifactKey: Guid(91cd096a65fed5148b888ec22c06d16b) Importer(815301076,1909f56bfc062723c751e8b465ee728b)
Start importing Assets/Scenes/Noraneko_Backgrounds_Pack_2/Street_Summer_Stars.png using Guid(91cd096a65fed5148b888ec22c06d16b) Importer(815301076,1909f56bfc062723c751e8b465ee728b)  -> (artifact id: 'cc7072f02886200a6bb4da3983b6ef05') in 0.018545 seconds 
  Import took 0.025032 seconds .

========================================================================
Received Import Request.
  Time since last request: 24.901571 seconds.
  path: Assets/Scenes/Noraneko_Backgrounds_Old
  artifactKey: Guid(dcb5cced375f6a549bf016739ca314f1) Importer(815301076,1909f56bfc062723c751e8b465ee728b)
Start importing Assets/Scenes/Noraneko_Backgrounds_Old using Guid(dcb5cced375f6a549bf016739ca314f1) Importer(815301076,1909f56bfc062723c751e8b465ee728b)  -> (artifact id: 'ae1e361967f618c0edbeb97a1d9cbe46') in 0.003490 seconds 
  Import took 0.009252 seconds .

========================================================================
Received Import Request.
  Time since last request: 0.053620 seconds.
  path: Assets/Scenes/Noraneko_Backgrounds_Old/Old_Cafe.png
  artifactKey: Guid(ddc518d8e2d4f0e4d8cdbe9da97585a3) Importer(815301076,1909f56bfc062723c751e8b465ee728b)
Start importing Assets/Scenes/Noraneko_Backgrounds_Old/Old_Cafe.png using Guid(ddc518d8e2d4f0e4d8cdbe9da97585a3) Importer(815301076,1909f56bfc062723c751e8b465ee728b)  -> (artifact id: 'b2f56e3293e518f51292ab84faa71d08') in 0.045923 seconds 
  Import took 0.050309 seconds .

========================================================================
Received Import Request.
  Time since last request: 0.000429 seconds.
  path: Assets/Scenes/Noraneko_Backgrounds_Old/Old_Outside.png
  artifactKey: Guid(f241068b2d4046d4b844c685bb34ffeb) Importer(815301076,1909f56bfc062723c751e8b465ee728b)
Start importing Assets/Scenes/Noraneko_Backgrounds_Old/Old_Outside.png using Guid(f241068b2d4046d4b844c685bb34ffeb) Importer(815301076,1909f56bfc062723c751e8b465ee728b)  -> (artifact id: '3eade9d07048a66e9e1ebd47f7d4cdf1') in 0.064411 seconds 
  Import took 0.069574 seconds .

========================================================================
Received Import Request.
  Time since last request: 0.000386 seconds.
  path: Assets/Scenes/Noraneko_Backgrounds_Old/Old_EncoreRoomNight.png
  artifactKey: Guid(73a8829d0c079d64598f18eef59c243a) Importer(815301076,1909f56bfc062723c751e8b465ee728b)
Start importing Assets/Scenes/Noraneko_Backgrounds_Old/Old_EncoreRoomNight.png using Guid(73a8829d0c079d64598f18eef59c243a) Importer(815301076,1909f56bfc062723c751e8b465ee728b)  -> (artifact id: '2bd340bc05bbecaf6d5af836c24acfad') in 0.025208 seconds 
  Import took 0.029487 seconds .

========================================================================
Received Import Request.
  Time since last request: 0.000444 seconds.
  path: Assets/Scenes/Noraneko_Backgrounds_Old/Old_TempleDay.png
  artifactKey: Guid(2eb07e8f5f80e9645b3757d85629730d) Importer(815301076,1909f56bfc062723c751e8b465ee728b)
Start importing Assets/Scenes/Noraneko_Backgrounds_Old/Old_TempleDay.png using Guid(2eb07e8f5f80e9645b3757d85629730d) Importer(815301076,1909f56bfc062723c751e8b465ee728b)  -> (artifact id: 'cae44ce19ff8610cee6501ca64bdde3c') in 0.031473 seconds 
  Import took 0.036024 seconds .

========================================================================
Received Import Request.
  Time since last request: 0.000503 seconds.
  path: Assets/Scenes/Noraneko_Backgrounds_Old/Old_EncoreRoomDay.png
  artifactKey: Guid(eec2eb29153e47b49bdb1c97eecc35a5) Importer(815301076,1909f56bfc062723c751e8b465ee728b)
Start importing Assets/Scenes/Noraneko_Backgrounds_Old/Old_EncoreRoomDay.png using Guid(eec2eb29153e47b49bdb1c97eecc35a5) Importer(815301076,1909f56bfc062723c751e8b465ee728b)  -> (artifact id: 'f1b8c5750b1d17bea177ec5a94378a8e') in 0.021139 seconds 
  Import took 0.025737 seconds .

========================================================================
Received Import Request.
  Time since last request: 0.000517 seconds.
  path: Assets/Scenes/Noraneko_Backgrounds_Old/Old_EncoreKitchenA.png
  artifactKey: Guid(cd98b841f2306684ba148f3d039994d7) Importer(815301076,1909f56bfc062723c751e8b465ee728b)
Start importing Assets/Scenes/Noraneko_Backgrounds_Old/Old_EncoreKitchenA.png using Guid(cd98b841f2306684ba148f3d039994d7) Importer(815301076,1909f56bfc062723c751e8b465ee728b)  -> (artifact id: 'cb4f32735fae1b6428fbbd6fd2c21350') in 0.019150 seconds 
  Import took 0.024130 seconds .

========================================================================
Received Import Request.
  Time since last request: 0.000532 seconds.
  path: Assets/Scenes/Noraneko_Backgrounds_Old/Old_KitchenB.png
  artifactKey: Guid(bf95ad020db78894da79c7833087b67b) Importer(815301076,1909f56bfc062723c751e8b465ee728b)
Start importing Assets/Scenes/Noraneko_Backgrounds_Old/Old_KitchenB.png using Guid(bf95ad020db78894da79c7833087b67b) Importer(815301076,1909f56bfc062723c751e8b465ee728b)  -> (artifact id: '1da15c0aef092f0b48052e9fee502689') in 0.019725 seconds 
  Import took 0.024030 seconds .

========================================================================
Received Import Request.
  Time since last request: 0.000469 seconds.
  path: Assets/Scenes/Noraneko_Backgrounds_Old/Old_LivingRoom.png
  artifactKey: Guid(03a8437266144da4995b5abfbe94a393) Importer(815301076,1909f56bfc062723c751e8b465ee728b)
Start importing Assets/Scenes/Noraneko_Backgrounds_Old/Old_LivingRoom.png using Guid(03a8437266144da4995b5abfbe94a393) Importer(815301076,1909f56bfc062723c751e8b465ee728b)  -> (artifact id: 'f4b51a81f342494883d8c43e23e76a03') in 0.019170 seconds 
  Import took 0.023723 seconds .

========================================================================
Received Import Request.
  Time since last request: 0.000427 seconds.
  path: Assets/Scenes/Noraneko_Backgrounds_Old/Old_Street.png
  artifactKey: Guid(949ed6c5f14ed4c488ef558a9cc7c008) Importer(815301076,1909f56bfc062723c751e8b465ee728b)
Start importing Assets/Scenes/Noraneko_Backgrounds_Old/Old_Street.png using Guid(949ed6c5f14ed4c488ef558a9cc7c008) Importer(815301076,1909f56bfc062723c751e8b465ee728b)  -> (artifact id: 'c3ac25b4c1cb1b96bb68a1ec7f921c77') in 0.040970 seconds 
  Import took 0.047033 seconds .

========================================================================
Received Import Request.
  Time since last request: 0.000523 seconds.
  path: Assets/Scenes/Noraneko_Backgrounds_Old/Old_FestivalB.png
  artifactKey: Guid(240ad35ec4593c847aefbe861ca02ea1) Importer(815301076,1909f56bfc062723c751e8b465ee728b)
Start importing Assets/Scenes/Noraneko_Backgrounds_Old/Old_FestivalB.png using Guid(240ad35ec4593c847aefbe861ca02ea1) Importer(815301076,1909f56bfc062723c751e8b465ee728b)  -> (artifact id: '9eb95a357a425442fb7ea6ad0eae93e1') in 0.019316 seconds 
  Import took 0.023946 seconds .

========================================================================
Received Import Request.
  Time since last request: 0.000484 seconds.
  path: Assets/Scenes/Noraneko_Backgrounds_Old/Old_EncoreTitle.png
  artifactKey: Guid(dd33ff4f0c85f16479dc9816451dd7c8) Importer(815301076,1909f56bfc062723c751e8b465ee728b)
Start importing Assets/Scenes/Noraneko_Backgrounds_Old/Old_EncoreTitle.png using Guid(dd33ff4f0c85f16479dc9816451dd7c8) Importer(815301076,1909f56bfc062723c751e8b465ee728b)  -> (artifact id: 'f8a1dc24a3e00c689eabb4c03c0f2866') in 0.046937 seconds 
  Import took 0.051385 seconds .

========================================================================
Received Import Request.
  Time since last request: 0.000470 seconds.
  path: Assets/Scenes/Noraneko_Backgrounds_Old/Old_School.png
  artifactKey: Guid(1c82a9fe1c957344c80015488f82c784) Importer(815301076,1909f56bfc062723c751e8b465ee728b)
Start importing Assets/Scenes/Noraneko_Backgrounds_Old/Old_School.png using Guid(1c82a9fe1c957344c80015488f82c784) Importer(815301076,1909f56bfc062723c751e8b465ee728b)  -> (artifact id: 'e87f4c4b6a2bf30f47365fbb3a6af7a2') in 0.056399 seconds 
  Import took 0.060763 seconds .

========================================================================
Received Import Request.
  Time since last request: 0.000349 seconds.
  path: Assets/Scenes/Noraneko_Backgrounds_Old/Old_TempleNight.png
  artifactKey: Guid(c35946e2d0a88ea4b9c4be6b0946663f) Importer(815301076,1909f56bfc062723c751e8b465ee728b)
Start importing Assets/Scenes/Noraneko_Backgrounds_Old/Old_TempleNight.png using Guid(c35946e2d0a88ea4b9c4be6b0946663f) Importer(815301076,1909f56bfc062723c751e8b465ee728b)  -> (artifact id: 'b60aa83fed15f4f250125a370b34509b') in 0.018545 seconds 
  Import took 0.022586 seconds .

========================================================================
Received Import Request.
  Time since last request: 0.000383 seconds.
  path: Assets/Scenes/Noraneko_Backgrounds_Old/Old_Train.png
  artifactKey: Guid(2e610abd25da2ea4085513badf7b0c64) Importer(815301076,1909f56bfc062723c751e8b465ee728b)
Start importing Assets/Scenes/Noraneko_Backgrounds_Old/Old_Train.png using Guid(2e610abd25da2ea4085513badf7b0c64) Importer(815301076,1909f56bfc062723c751e8b465ee728b)  -> (artifact id: 'be26baa682521ad3f823bb75f9262392') in 0.017349 seconds 
  Import took 0.021940 seconds .

========================================================================
Received Import Request.
  Time since last request: 0.000350 seconds.
  path: Assets/Scenes/Noraneko_Backgrounds_Old/Old_GaoGaoBanana.png
  artifactKey: Guid(144e94c235585164a902b83a52241dc9) Importer(815301076,1909f56bfc062723c751e8b465ee728b)
Start importing Assets/Scenes/Noraneko_Backgrounds_Old/Old_GaoGaoBanana.png using Guid(144e94c235585164a902b83a52241dc9) Importer(815301076,1909f56bfc062723c751e8b465ee728b)  -> (artifact id: 'a47b9f685339cafc559d7e76eb8c56c0') in 0.017346 seconds 
  Import took 0.021222 seconds .

========================================================================
Received Import Request.
  Time since last request: 0.000358 seconds.
  path: Assets/Scenes/Noraneko_Backgrounds_Old/Old_FestivalA.png
  artifactKey: Guid(32e0087d67bde2049b153a85c497c41f) Importer(815301076,1909f56bfc062723c751e8b465ee728b)
Start importing Assets/Scenes/Noraneko_Backgrounds_Old/Old_FestivalA.png using Guid(32e0087d67bde2049b153a85c497c41f) Importer(815301076,1909f56bfc062723c751e8b465ee728b)  -> (artifact id: '4d4b1cd2cb9b6df3d4316872f20d156b') in 0.018187 seconds 
  Import took 0.022459 seconds .

========================================================================
Received Import Request.
  Time since last request: 0.000427 seconds.
  path: Assets/Scenes/Noraneko_Backgrounds_Old/Old_FestivalC.png
  artifactKey: Guid(d3403a6a681e6dd4c93dfd59909b504c) Importer(815301076,1909f56bfc062723c751e8b465ee728b)
Start importing Assets/Scenes/Noraneko_Backgrounds_Old/Old_FestivalC.png using Guid(d3403a6a681e6dd4c93dfd59909b504c) Importer(815301076,1909f56bfc062723c751e8b465ee728b)  -> (artifact id: '432aa73da13a1f73e72cfe4287def580') in 0.016338 seconds 
  Import took 0.020570 seconds .

========================================================================
Received Import Request.
  Time since last request: 0.000458 seconds.
  path: Assets/Scenes/Noraneko_Backgrounds_Old/Old_FuneralBlank.png
  artifactKey: Guid(7fbc863c76bb42248ae467a1c0c72a6c) Importer(815301076,1909f56bfc062723c751e8b465ee728b)
Start importing Assets/Scenes/Noraneko_Backgrounds_Old/Old_FuneralBlank.png using Guid(7fbc863c76bb42248ae467a1c0c72a6c) Importer(815301076,1909f56bfc062723c751e8b465ee728b)  -> (artifact id: '75a809ba151ea763876b7dff24973c82') in 0.023065 seconds 
  Import took 0.027162 seconds .

========================================================================
Received Import Request.
  Time since last request: 0.000367 seconds.
  path: Assets/Scenes/Noraneko_Backgrounds_Old/Old_TempleEvening.png
  artifactKey: Guid(dbcd0d42db5f7c44f82f16afdd5aa125) Importer(815301076,1909f56bfc062723c751e8b465ee728b)
Start importing Assets/Scenes/Noraneko_Backgrounds_Old/Old_TempleEvening.png using Guid(dbcd0d42db5f7c44f82f16afdd5aa125) Importer(815301076,1909f56bfc062723c751e8b465ee728b)  -> (artifact id: '2856d2d56ce75407171de6c3db37fd6d') in 0.018710 seconds 
  Import took 0.022584 seconds .

========================================================================
Received Import Request.
  Time since last request: 11.582321 seconds.
  path: Assets/Scenes/interior free
  artifactKey: Guid(567c3fa48e5518e419f10ee4c082d6d1) Importer(815301076,1909f56bfc062723c751e8b465ee728b)
Start importing Assets/Scenes/interior free using Guid(567c3fa48e5518e419f10ee4c082d6d1) Importer(815301076,1909f56bfc062723c751e8b465ee728b)  -> (artifact id: '228fe415a0c4b328523e0d3c2874a95e') in 0.006868 seconds 
  Import took 0.015448 seconds .

========================================================================
Received Import Request.
  Time since last request: 0.017891 seconds.
  path: Assets/Scenes/interior free/interior free.png
  artifactKey: Guid(f8a2a0ff14b5f154499780e7b1bb3d82) Importer(815301076,1909f56bfc062723c751e8b465ee728b)
Start importing Assets/Scenes/interior free/interior free.png using Guid(f8a2a0ff14b5f154499780e7b1bb3d82) Importer(815301076,1909f56bfc062723c751e8b465ee728b)  -> (artifact id: '6dfe7564d0915725af681e1d7f6e542c') in 0.017724 seconds 
  Import took 0.021326 seconds .

========================================================================
Received Prepare
Registering precompiled user dll's ...
Registered in 0.015125 seconds.
Begin MonoManager ReloadAssembly
Native extension for WindowsStandalone target not found
Native extension for WebGL target not found
Refreshing native plugins compatible for Editor in 1.34 ms, found 3 plugins.
Preloading 0 native plugins for Editor in 0.00 ms.
Mono: successfully reloaded assembly
- Completed reload, in  1.872 seconds
Domain Reload Profiling:
	ReloadAssembly (1873ms)
		BeginReloadAssembly (194ms)
			ExecutionOrderSort (0ms)
			DisableScriptedObjects (9ms)
			BackupInstance (0ms)
			ReleaseScriptingObjects (0ms)
			CreateAndSetChildDomain (57ms)
		EndReloadAssembly (1575ms)
			LoadAssemblies (170ms)
			RebuildTransferFunctionScriptingTraits (0ms)
			SetupTypeCache (552ms)
			ReleaseScriptCaches (2ms)
			RebuildScriptCaches (75ms)
			SetupLoadedEditorAssemblies (611ms)
				LogAssemblyErrors (0ms)
				InitializePlatformSupportModulesInManaged (13ms)
				SetLoadedEditorAssemblies (1ms)
				RefreshPlugins (1ms)
				BeforeProcessingInitializeOnLoad (173ms)
				ProcessInitializeOnLoadAttributes (395ms)
				ProcessInitializeOnLoadMethodAttributes (17ms)
				AfterProcessingInitializeOnLoad (11ms)
				EditorAssembliesLoaded (0ms)
			ExecutionOrderSort2 (0ms)
			AwakeInstancesAfterBackupRestoration (14ms)
Platform modules already initialized, skipping
Refreshing native plugins compatible for Editor in 0.73 ms, found 3 plugins.
Preloading 0 native plugins for Editor in 0.00 ms.
Unloading 2198 Unused Serialized files (Serialized files now loaded: 0)
System memory in use before: 98.6 MB.
System memory in use after: 98.7 MB.

Unloading 17 unused Assets to reduce memory usage. Loaded Objects now: 2666.
Total: 3.713800 ms (FindLiveObjects: 0.295000 ms CreateObjectMapping: 0.110900 ms MarkObjects: 3.279100 ms  DeleteObjects: 0.028000 ms)

AssetImportParameters requested are different than current active one (requested -> active):
  custom:framework-win-MediaFoundation: 216162199b28c13a410421893ffa2e32 -> 
  custom:video-decoder-ogg-theora: a1e56fd34408186e4bbccfd4996cb3dc -> 
  custom:container-muxer-webm: aa71ff27fc2769a1b78a27578f13a17b -> 
  custom:container-demuxer-webm: 4f35f7cbe854078d1ac9338744f61a02 -> 
  custom:container-demuxer-ogg: 62fdf1f143b41e24485cea50d1cbac27 -> 
  custom:video-encoder-webm-vp8: eb34c28f22e8b96e1ab97ce403110664 -> 
  custom:video-codec-MediaFoundation-h265: 746d11721c4dcdbdad8f713fa42b33f4 -> 
  custom:video-decoder-webm-vp8: 9c59270c3fd7afecdb556c50c9e8de78 -> 
  custom:audio-decoder-ogg-vorbis: bf7c407c2cedff20999df2af8eb42d56 -> 
  custom:audio-encoder-webm-vorbis: bf7c407c2cedff20999df2af8eb42d56 -> 
========================================================================
Received Import Request.
  Time since last request: 704.294364 seconds.
  path: Assets/HOGAssets/CS_Assets
  artifactKey: Guid(0784d9b31d17c5245b952b6f7c5518fb) Importer(815301076,1909f56bfc062723c751e8b465ee728b)
Start importing Assets/HOGAssets/CS_Assets using Guid(0784d9b31d17c5245b952b6f7c5518fb) Importer(815301076,1909f56bfc062723c751e8b465ee728b)  -> (artifact id: '1263a99f4208267c452ac7786033b2f4') in 0.008551 seconds 
  Import took 0.014271 seconds .

========================================================================
Received Import Request.
  Time since last request: 0.805050 seconds.
  path: Assets/HOGAssets/CS_Assets/CS_Scenes
  artifactKey: Guid(7a2f6c3e48f43af4c8cbe0dd87ddd955) Importer(815301076,1909f56bfc062723c751e8b465ee728b)
Start importing Assets/HOGAssets/CS_Assets/CS_Scenes using Guid(7a2f6c3e48f43af4c8cbe0dd87ddd955) Importer(815301076,1909f56bfc062723c751e8b465ee728b)  -> (artifact id: 'ddfa01ec813369c13dd798b8731d941b') in 0.003770 seconds 
  Import took 0.008367 seconds .

========================================================================
Received Import Request.
  Time since last request: 0.898766 seconds.
  path: Assets/HOGAssets/CS_Assets/CS_Scenes/CSEasy.unity
  artifactKey: Guid(759951ad96811e54aa69c04fb6dd377d) Importer(815301076,1909f56bfc062723c751e8b465ee728b)
Start importing Assets/HOGAssets/CS_Assets/CS_Scenes/CSEasy.unity using Guid(759951ad96811e54aa69c04fb6dd377d) Importer(815301076,1909f56bfc062723c751e8b465ee728b)  -> (artifact id: '07512a1b0470594ca07641e068e80652') in 0.015307 seconds 
  Import took 0.019950 seconds .

========================================================================
Received Import Request.
  Time since last request: 32.758225 seconds.
  path: Assets/HOGAssets/CS_Assets/CS_Scenes/CSMainMenu.unity
  artifactKey: Guid(badc34a27491ce6479cc9bf7ef6240ff) Importer(815301076,1909f56bfc062723c751e8b465ee728b)
Start importing Assets/HOGAssets/CS_Assets/CS_Scenes/CSMainMenu.unity using Guid(badc34a27491ce6479cc9bf7ef6240ff) Importer(815301076,1909f56bfc062723c751e8b465ee728b)  -> (artifact id: '6765b8156e1113ff5993b22a3f132282') in 0.003003 seconds 
  Import took 0.006862 seconds .

========================================================================
Received Import Request.
  Time since last request: 13.319757 seconds.
  path: Assets/HOGAssets/CS_Assets/CS_Scenes/CSIcons.unity
  artifactKey: Guid(59bcd9d875527d743a66f25474bcfa20) Importer(815301076,1909f56bfc062723c751e8b465ee728b)
Start importing Assets/HOGAssets/CS_Assets/CS_Scenes/CSIcons.unity using Guid(59bcd9d875527d743a66f25474bcfa20) Importer(815301076,1909f56bfc062723c751e8b465ee728b)  -> (artifact id: '2d60fe2a49ac0e95cd8074d07f924908') in 0.004678 seconds 
  Import took 0.010695 seconds .

========================================================================
Received Prepare
Registering precompiled user dll's ...
Registered in 0.009701 seconds.
Begin MonoManager ReloadAssembly
Native extension for WindowsStandalone target not found
Native extension for WebGL target not found
Refreshing native plugins compatible for Editor in 1.06 ms, found 3 plugins.
Preloading 0 native plugins for Editor in 0.00 ms.
Mono: successfully reloaded assembly
- Completed reload, in  1.544 seconds
Domain Reload Profiling:
	ReloadAssembly (1545ms)
		BeginReloadAssembly (220ms)
			ExecutionOrderSort (0ms)
			DisableScriptedObjects (12ms)
			BackupInstance (0ms)
			ReleaseScriptingObjects (0ms)
			CreateAndSetChildDomain (59ms)
		EndReloadAssembly (1228ms)
			LoadAssemblies (157ms)
			RebuildTransferFunctionScriptingTraits (0ms)
			SetupTypeCache (408ms)
			ReleaseScriptCaches (2ms)
			RebuildScriptCaches (72ms)
			SetupLoadedEditorAssemblies (432ms)
				LogAssemblyErrors (0ms)
				InitializePlatformSupportModulesInManaged (12ms)
				SetLoadedEditorAssemblies (1ms)
				RefreshPlugins (1ms)
				BeforeProcessingInitializeOnLoad (135ms)
				ProcessInitializeOnLoadAttributes (263ms)
				ProcessInitializeOnLoadMethodAttributes (12ms)
				AfterProcessingInitializeOnLoad (8ms)
				EditorAssembliesLoaded (0ms)
			ExecutionOrderSort2 (0ms)
			AwakeInstancesAfterBackupRestoration (12ms)
Platform modules already initialized, skipping
Refreshing native plugins compatible for Editor in 0.77 ms, found 3 plugins.
Preloading 0 native plugins for Editor in 0.00 ms.
Unloading 2198 Unused Serialized files (Serialized files now loaded: 0)
System memory in use before: 98.6 MB.
System memory in use after: 98.7 MB.

Unloading 17 unused Assets to reduce memory usage. Loaded Objects now: 2668.
Total: 3.896900 ms (FindLiveObjects: 0.332000 ms CreateObjectMapping: 0.131900 ms MarkObjects: 3.399700 ms  DeleteObjects: 0.032200 ms)

AssetImportParameters requested are different than current active one (requested -> active):
  custom:framework-win-MediaFoundation: 216162199b28c13a410421893ffa2e32 -> 
  custom:video-decoder-ogg-theora: a1e56fd34408186e4bbccfd4996cb3dc -> 
  custom:container-muxer-webm: aa71ff27fc2769a1b78a27578f13a17b -> 
  custom:container-demuxer-webm: 4f35f7cbe854078d1ac9338744f61a02 -> 
  custom:container-demuxer-ogg: 62fdf1f143b41e24485cea50d1cbac27 -> 
  custom:video-encoder-webm-vp8: eb34c28f22e8b96e1ab97ce403110664 -> 
  custom:video-codec-MediaFoundation-h265: 746d11721c4dcdbdad8f713fa42b33f4 -> 
  custom:video-decoder-webm-vp8: 9c59270c3fd7afecdb556c50c9e8de78 -> 
  custom:audio-decoder-ogg-vorbis: bf7c407c2cedff20999df2af8eb42d56 -> 
  custom:audio-encoder-webm-vorbis: bf7c407c2cedff20999df2af8eb42d56 -> 
========================================================================
Received Import Request.
  Time since last request: 1531.845507 seconds.
  path: Assets/HOGAssets
  artifactKey: Guid(c230a4de186290d4484e3a53b3f1d393) Importer(815301076,1909f56bfc062723c751e8b465ee728b)
Start importing Assets/HOGAssets using Guid(c230a4de186290d4484e3a53b3f1d393) Importer(815301076,1909f56bfc062723c751e8b465ee728b)  -> (artifact id: 'bf3a44f5f76b24ba51e0fc1d23f6dda4') in 0.006970 seconds 
  Import took 0.011065 seconds .

========================================================================
Received Prepare
Registering precompiled user dll's ...
Registered in 0.006738 seconds.
Begin MonoManager ReloadAssembly
Native extension for WindowsStandalone target not found
Native extension for WebGL target not found
Refreshing native plugins compatible for Editor in 0.62 ms, found 3 plugins.
Preloading 0 native plugins for Editor in 0.00 ms.
Mono: successfully reloaded assembly
- Completed reload, in  1.312 seconds
Domain Reload Profiling:
	ReloadAssembly (1313ms)
		BeginReloadAssembly (179ms)
			ExecutionOrderSort (0ms)
			DisableScriptedObjects (11ms)
			BackupInstance (0ms)
			ReleaseScriptingObjects (0ms)
			CreateAndSetChildDomain (46ms)
		EndReloadAssembly (1050ms)
			LoadAssemblies (147ms)
			RebuildTransferFunctionScriptingTraits (0ms)
			SetupTypeCache (343ms)
			ReleaseScriptCaches (1ms)
			RebuildScriptCaches (65ms)
			SetupLoadedEditorAssemblies (400ms)
				LogAssemblyErrors (0ms)
				InitializePlatformSupportModulesInManaged (9ms)
				SetLoadedEditorAssemblies (1ms)
				RefreshPlugins (1ms)
				BeforeProcessingInitializeOnLoad (117ms)
				ProcessInitializeOnLoadAttributes (251ms)
				ProcessInitializeOnLoadMethodAttributes (13ms)
				AfterProcessingInitializeOnLoad (8ms)
				EditorAssembliesLoaded (0ms)
			ExecutionOrderSort2 (0ms)
			AwakeInstancesAfterBackupRestoration (10ms)
Platform modules already initialized, skipping
Refreshing native plugins compatible for Editor in 0.48 ms, found 3 plugins.
Preloading 0 native plugins for Editor in 0.00 ms.
Unloading 2187 Unused Serialized files (Serialized files now loaded: 0)
System memory in use before: 98.4 MB.
System memory in use after: 98.5 MB.

Unloading 28 unused Assets to reduce memory usage. Loaded Objects now: 2659.
Total: 3.196900 ms (FindLiveObjects: 0.223400 ms CreateObjectMapping: 0.086400 ms MarkObjects: 2.852300 ms  DeleteObjects: 0.034000 ms)

AssetImportParameters requested are different than current active one (requested -> active):
  custom:framework-win-MediaFoundation: 216162199b28c13a410421893ffa2e32 -> 
  custom:video-decoder-ogg-theora: a1e56fd34408186e4bbccfd4996cb3dc -> 
  custom:container-muxer-webm: aa71ff27fc2769a1b78a27578f13a17b -> 
  custom:container-demuxer-webm: 4f35f7cbe854078d1ac9338744f61a02 -> 
  custom:container-demuxer-ogg: 62fdf1f143b41e24485cea50d1cbac27 -> 
  custom:video-encoder-webm-vp8: eb34c28f22e8b96e1ab97ce403110664 -> 
  custom:video-codec-MediaFoundation-h265: 746d11721c4dcdbdad8f713fa42b33f4 -> 
  custom:video-decoder-webm-vp8: 9c59270c3fd7afecdb556c50c9e8de78 -> 
  custom:audio-decoder-ogg-vorbis: bf7c407c2cedff20999df2af8eb42d56 -> 
  custom:audio-encoder-webm-vorbis: bf7c407c2cedff20999df2af8eb42d56 -> 
========================================================================
Received Import Request.
  Time since last request: 18.068023 seconds.
  path: Assets/escaperoomReadME.txt
  artifactKey: Guid(60728d39af5e1e448893d5713fba426a) Importer(815301076,1909f56bfc062723c751e8b465ee728b)
Start importing Assets/escaperoomReadME.txt using Guid(60728d39af5e1e448893d5713fba426a) Importer(815301076,1909f56bfc062723c751e8b465ee728b)  -> (artifact id: '0df9b1ba4d633813b5cf13c7bf171b53') in 0.070237 seconds 
  Import took 0.075946 seconds .

========================================================================
Received Import Request.
  Time since last request: 2.598387 seconds.
  path: Assets/Scenes/SampleScene.unity
  artifactKey: Guid(2cda990e2423bbf4892e6590ba056729) Importer(815301076,1909f56bfc062723c751e8b465ee728b)
Start importing Assets/Scenes/SampleScene.unity using Guid(2cda990e2423bbf4892e6590ba056729) Importer(815301076,1909f56bfc062723c751e8b465ee728b)  -> (artifact id: '77ea368363cde3228924310be03f41b2') in 0.003031 seconds 
  Import took 0.007261 seconds .

========================================================================
Received Import Request.
  Time since last request: 99211.815676 seconds.
  path: Assets/Scenes/Free isometric voxel room
  artifactKey: Guid(97d00d6ce40ab5446a6ed42d9374f2b5) Importer(815301076,1909f56bfc062723c751e8b465ee728b)
Start importing Assets/Scenes/Free isometric voxel room using Guid(97d00d6ce40ab5446a6ed42d9374f2b5) Importer(815301076,1909f56bfc062723c751e8b465ee728b)  -> (artifact id: 'ea430868486966d34a2610b98a779bda') in 0.005577 seconds 
  Import took 0.018199 seconds .

========================================================================
Received Import Request.
  Time since last request: 1.314611 seconds.
  path: Assets/Scenes/Free isometric voxel room/PNGs
  artifactKey: Guid(64a3181b81110db4fb19e29956b7eac5) Importer(815301076,1909f56bfc062723c751e8b465ee728b)
Start importing Assets/Scenes/Free isometric voxel room/PNGs using Guid(64a3181b81110db4fb19e29956b7eac5) Importer(815301076,1909f56bfc062723c751e8b465ee728b)  -> (artifact id: '9b13eccba7de4add8caa3d0658a4f372') in 0.003012 seconds 
  Import took 0.008226 seconds .

========================================================================
Received Import Request.
  Time since last request: 0.057780 seconds.
  path: Assets/Scenes/Free isometric voxel room/PNGs/bed 1.png
  artifactKey: Guid(a176f5353b1417149a760fb593814073) Importer(815301076,1909f56bfc062723c751e8b465ee728b)
Start importing Assets/Scenes/Free isometric voxel room/PNGs/bed 1.png using Guid(a176f5353b1417149a760fb593814073) Importer(815301076,1909f56bfc062723c751e8b465ee728b)  -> (artifact id: '3815ae89520d627817898d4669a19d3b') in 0.056089 seconds 
  Import took 0.061541 seconds .

========================================================================
Received Import Request.
  Time since last request: 0.000492 seconds.
  path: Assets/Scenes/Free isometric voxel room/PNGs/Books.png
  artifactKey: Guid(e5d139b04416854479ce12b77def3cae) Importer(815301076,1909f56bfc062723c751e8b465ee728b)
Start importing Assets/Scenes/Free isometric voxel room/PNGs/Books.png using Guid(e5d139b04416854479ce12b77def3cae) Importer(815301076,1909f56bfc062723c751e8b465ee728b)  -> (artifact id: 'e04a76c3f90ba73d5b5a17012d922de8') in 0.016809 seconds 
  Import took 0.021703 seconds .

========================================================================
Received Import Request.
  Time since last request: 0.000459 seconds.
  path: Assets/Scenes/Free isometric voxel room/PNGs/Room estructure.png
  artifactKey: Guid(ee88b45c70c3c4e49b4cfef0be2ec8a7) Importer(815301076,1909f56bfc062723c751e8b465ee728b)
Start importing Assets/Scenes/Free isometric voxel room/PNGs/Room estructure.png using Guid(ee88b45c70c3c4e49b4cfef0be2ec8a7) Importer(815301076,1909f56bfc062723c751e8b465ee728b)  -> (artifact id: '459f82fd423a533152b5d3232f3fcb4b') in 0.021483 seconds 
  Import took 0.027039 seconds .

========================================================================
Received Import Request.
  Time since last request: 0.000559 seconds.
  path: Assets/Scenes/Free isometric voxel room/PNGs/Closet 1.png
  artifactKey: Guid(a22ba32b6fcfd9849a50949473327225) Importer(815301076,1909f56bfc062723c751e8b465ee728b)
Start importing Assets/Scenes/Free isometric voxel room/PNGs/Closet 1.png using Guid(a22ba32b6fcfd9849a50949473327225) Importer(815301076,1909f56bfc062723c751e8b465ee728b)  -> (artifact id: '4770908bd4923797fd146491ef87892c') in 0.018887 seconds 
  Import took 0.024620 seconds .

========================================================================
Received Import Request.
  Time since last request: 0.000583 seconds.
  path: Assets/Scenes/Free isometric voxel room/PNGs/Mirror 1.png
  artifactKey: Guid(0d81249c3387fff4fb928ac530e2e34a) Importer(815301076,1909f56bfc062723c751e8b465ee728b)
Start importing Assets/Scenes/Free isometric voxel room/PNGs/Mirror 1.png using Guid(0d81249c3387fff4fb928ac530e2e34a) Importer(815301076,1909f56bfc062723c751e8b465ee728b)  -> (artifact id: '1db5ef2a6b50d29173cb11f7135cc7af') in 0.016433 seconds 
  Import took 0.021943 seconds .

========================================================================
Received Import Request.
  Time since last request: 0.000549 seconds.
  path: Assets/Scenes/Free isometric voxel room/PNGs/shelving 2.png
  artifactKey: Guid(ef31f5da8cff2ec40affbb0cdfe83dc8) Importer(815301076,1909f56bfc062723c751e8b465ee728b)
Start importing Assets/Scenes/Free isometric voxel room/PNGs/shelving 2.png using Guid(ef31f5da8cff2ec40affbb0cdfe83dc8) Importer(815301076,1909f56bfc062723c751e8b465ee728b)  -> (artifact id: 'fc4d5ac511cc9ada0a4b23866b77807a') in 0.017301 seconds 
  Import took 0.023633 seconds .

========================================================================
Received Import Request.
  Time since last request: 0.000547 seconds.
  path: Assets/Scenes/Free isometric voxel room/PNGs/wall shelving 1.png
  artifactKey: Guid(b209971d61b280042a278f5d67b87900) Importer(815301076,1909f56bfc062723c751e8b465ee728b)
Start importing Assets/Scenes/Free isometric voxel room/PNGs/wall shelving 1.png using Guid(b209971d61b280042a278f5d67b87900) Importer(815301076,1909f56bfc062723c751e8b465ee728b)  -> (artifact id: 'e3364082c431b464ab959bcc7c1bf0bc') in 0.019065 seconds 
  Import took 0.024453 seconds .

========================================================================
Received Import Request.
  Time since last request: 0.000445 seconds.
  path: Assets/Scenes/Free isometric voxel room/PNGs/Complete room.png
  artifactKey: Guid(9bd6963fead5dd34caa27a2767bd20bd) Importer(815301076,1909f56bfc062723c751e8b465ee728b)
Start importing Assets/Scenes/Free isometric voxel room/PNGs/Complete room.png using Guid(9bd6963fead5dd34caa27a2767bd20bd) Importer(815301076,1909f56bfc062723c751e8b465ee728b)  -> (artifact id: '53b1170dfc9cbfdd6631a595fd5dac64') in 0.018300 seconds 
  Import took 0.024858 seconds .

========================================================================
Received Import Request.
  Time since last request: 0.000597 seconds.
  path: Assets/Scenes/Free isometric voxel room/PNGs/Desk 1.png
  artifactKey: Guid(35137141195b7444ab3289a17adbf4f7) Importer(815301076,1909f56bfc062723c751e8b465ee728b)
Start importing Assets/Scenes/Free isometric voxel room/PNGs/Desk 1.png using Guid(35137141195b7444ab3289a17adbf4f7) Importer(815301076,1909f56bfc062723c751e8b465ee728b)  -> (artifact id: '3035228b1676479df992764517a6d8d7') in 0.016891 seconds 
  Import took 0.022365 seconds .

========================================================================
Received Import Request.
  Time since last request: 0.000481 seconds.
  path: Assets/Scenes/Free isometric voxel room/PNGs/bed 2.png
  artifactKey: Guid(612a121956f362b4487057690c493ab0) Importer(815301076,1909f56bfc062723c751e8b465ee728b)
Start importing Assets/Scenes/Free isometric voxel room/PNGs/bed 2.png using Guid(612a121956f362b4487057690c493ab0) Importer(815301076,1909f56bfc062723c751e8b465ee728b)  -> (artifact id: '9aefc43968840ea126f550fada1fda38') in 0.060176 seconds 
  Import took 0.066656 seconds .

========================================================================
Received Import Request.
  Time since last request: 0.000506 seconds.
  path: Assets/Scenes/Free isometric voxel room/PNGs/Lamp.png
  artifactKey: Guid(b2508a68a6b19a54ab0cd2867f898710) Importer(815301076,1909f56bfc062723c751e8b465ee728b)
Start importing Assets/Scenes/Free isometric voxel room/PNGs/Lamp.png using Guid(b2508a68a6b19a54ab0cd2867f898710) Importer(815301076,1909f56bfc062723c751e8b465ee728b)  -> (artifact id: '40f901dffa609c160dc8c123276a8564') in 0.016910 seconds 
  Import took 0.022898 seconds .

========================================================================
Received Import Request.
  Time since last request: 0.000697 seconds.
  path: Assets/Scenes/Free isometric voxel room/PNGs/Sprite 1.png
  artifactKey: Guid(18a4273a4d069f24691294488aea71c2) Importer(815301076,1909f56bfc062723c751e8b465ee728b)
Start importing Assets/Scenes/Free isometric voxel room/PNGs/Sprite 1.png using Guid(18a4273a4d069f24691294488aea71c2) Importer(815301076,1909f56bfc062723c751e8b465ee728b)  -> (artifact id: 'ae7698db44518dfe9451c0f13f99eda8') in 0.017426 seconds 
  Import took 0.023338 seconds .

========================================================================
Received Import Request.
  Time since last request: 0.000604 seconds.
  path: Assets/Scenes/Free isometric voxel room/PNGs/Mirror 2.png
  artifactKey: Guid(b1a222a09ce54f74c8b7efad63235716) Importer(815301076,1909f56bfc062723c751e8b465ee728b)
Start importing Assets/Scenes/Free isometric voxel room/PNGs/Mirror 2.png using Guid(b1a222a09ce54f74c8b7efad63235716) Importer(815301076,1909f56bfc062723c751e8b465ee728b)  -> (artifact id: 'eb16a6bfd0fe18c7209f76c833f648e6') in 0.019287 seconds 
  Import took 0.025895 seconds .

========================================================================
Received Import Request.
  Time since last request: 0.000699 seconds.
  path: Assets/Scenes/Free isometric voxel room/PNGs/Desk 2.png
  artifactKey: Guid(828b2406279fa2443900eaba157ea852) Importer(815301076,1909f56bfc062723c751e8b465ee728b)
Start importing Assets/Scenes/Free isometric voxel room/PNGs/Desk 2.png using Guid(828b2406279fa2443900eaba157ea852) Importer(815301076,1909f56bfc062723c751e8b465ee728b)  -> (artifact id: '2f22ac3d156974c24bbb9e503d4ddd09') in 0.020404 seconds 
  Import took 0.026628 seconds .

========================================================================
Received Import Request.
  Time since last request: 0.000694 seconds.
  path: Assets/Scenes/Free isometric voxel room/PNGs/Chair 1.png
  artifactKey: Guid(9fab6b462b780aa4cb883babc0da9a13) Importer(815301076,1909f56bfc062723c751e8b465ee728b)
Start importing Assets/Scenes/Free isometric voxel room/PNGs/Chair 1.png using Guid(9fab6b462b780aa4cb883babc0da9a13) Importer(815301076,1909f56bfc062723c751e8b465ee728b)  -> (artifact id: 'ead51de145fecc720bffbc6f41adfa0b') in 0.019304 seconds 
  Import took 0.025928 seconds .

========================================================================
Received Import Request.
  Time since last request: 0.000502 seconds.
  path: Assets/Scenes/Free isometric voxel room/PNGs/Chair 2.png
  artifactKey: Guid(80960f98965986742b215815d1e9ed30) Importer(815301076,1909f56bfc062723c751e8b465ee728b)
Start importing Assets/Scenes/Free isometric voxel room/PNGs/Chair 2.png using Guid(80960f98965986742b215815d1e9ed30) Importer(815301076,1909f56bfc062723c751e8b465ee728b)  -> (artifact id: 'baacd29d23b216bdd7980e097e395644') in 0.019244 seconds 
  Import took 0.025527 seconds .

========================================================================
Received Import Request.
  Time since last request: 0.000594 seconds.
  path: Assets/Scenes/Free isometric voxel room/PNGs/Closet 2.png
  artifactKey: Guid(59dd5623018729f489dbf2e1634dea29) Importer(815301076,1909f56bfc062723c751e8b465ee728b)
Start importing Assets/Scenes/Free isometric voxel room/PNGs/Closet 2.png using Guid(59dd5623018729f489dbf2e1634dea29) Importer(815301076,1909f56bfc062723c751e8b465ee728b)  -> (artifact id: 'dfb72ae258a109e0150ef2eb007228b1') in 0.022533 seconds 
  Import took 0.029358 seconds .

========================================================================
Received Import Request.
  Time since last request: 0.000555 seconds.
  path: Assets/Scenes/Free isometric voxel room/PNGs/shelving 1.png
  artifactKey: Guid(a828b4f8e12a90640ba0265dac9602ec) Importer(815301076,1909f56bfc062723c751e8b465ee728b)
Start importing Assets/Scenes/Free isometric voxel room/PNGs/shelving 1.png using Guid(a828b4f8e12a90640ba0265dac9602ec) Importer(815301076,1909f56bfc062723c751e8b465ee728b)  -> (artifact id: '9fe5096e7496ec860121f661625eb84e') in 0.022512 seconds 
  Import took 0.029477 seconds .

========================================================================
Received Import Request.
  Time since last request: 64.365044 seconds.
  path: Assets/Scenes/Free isometric voxel room/PNGs/Room estructure.png
  artifactKey: Guid(ee88b45c70c3c4e49b4cfef0be2ec8a7) Importer(815301076,1909f56bfc062723c751e8b465ee728b)
Start importing Assets/Scenes/Free isometric voxel room/PNGs/Room estructure.png using Guid(ee88b45c70c3c4e49b4cfef0be2ec8a7) Importer(815301076,1909f56bfc062723c751e8b465ee728b)  -> (artifact id: '763755f348d97b653e1cdf93e1289eac') in 0.016351 seconds 
  Import took 0.022176 seconds .

========================================================================
Received Import Request.
  Time since last request: 197.276417 seconds.
  path: Assets/Scenes/Free isometric voxel room/PNGs/Chair 1.png
  artifactKey: Guid(9fab6b462b780aa4cb883babc0da9a13) Importer(815301076,1909f56bfc062723c751e8b465ee728b)
Start importing Assets/Scenes/Free isometric voxel room/PNGs/Chair 1.png using Guid(9fab6b462b780aa4cb883babc0da9a13) Importer(815301076,1909f56bfc062723c751e8b465ee728b)  -> (artifact id: '2783c0006e1d434d826cc8ccb798afae') in 0.026154 seconds 
  Import took 0.034930 seconds .

========================================================================
Received Import Request.
  Time since last request: 31.203215 seconds.
  path: Assets/Scenes/Free isometric voxel room/PNGs/wall shelving 1.png
  artifactKey: Guid(b209971d61b280042a278f5d67b87900) Importer(815301076,1909f56bfc062723c751e8b465ee728b)
Start importing Assets/Scenes/Free isometric voxel room/PNGs/wall shelving 1.png using Guid(b209971d61b280042a278f5d67b87900) Importer(815301076,1909f56bfc062723c751e8b465ee728b)  -> (artifact id: '7862f24efb4b9b885f2e44b01f26bca4') in 0.014210 seconds 
  Import took 0.021630 seconds .

========================================================================
Received Import Request.
  Time since last request: 5.934914 seconds.
  path: Assets/Scenes/Free isometric voxel room/PNGs/wall shelving 1.png
  artifactKey: Guid(b209971d61b280042a278f5d67b87900) Importer(815301076,1909f56bfc062723c751e8b465ee728b)
Start importing Assets/Scenes/Free isometric voxel room/PNGs/wall shelving 1.png using Guid(b209971d61b280042a278f5d67b87900) Importer(815301076,1909f56bfc062723c751e8b465ee728b)  -> (artifact id: 'eb0fae7dcc77d8cabd170a4ef4921c78') in 0.032639 seconds 
  Import took 0.040658 seconds .

========================================================================
Received Import Request.
  Time since last request: 27.902363 seconds.
  path: Assets/Scenes/Free isometric voxel room/PNGs/Books.png
  artifactKey: Guid(e5d139b04416854479ce12b77def3cae) Importer(815301076,1909f56bfc062723c751e8b465ee728b)
Start importing Assets/Scenes/Free isometric voxel room/PNGs/Books.png using Guid(e5d139b04416854479ce12b77def3cae) Importer(815301076,1909f56bfc062723c751e8b465ee728b)  -> (artifact id: '35177f9f3a41b848f31b4306226e5f08') in 0.018362 seconds 
  Import took 0.024798 seconds .

AssetImportWorkerClient::OnTransportError - code=2 error=End of file
