Using pre-set license
Built from '2020.3/staging' branch; Version is '2020.3.23f1 (c5d91304a876) revision 12966163'; Using compiler version '192528614'; Build Type 'Release'
OS: 'Windows 10 Pro; OS build 22543.1000; Version 2009; 64bit' Language: 'en' Physical Memory: 32552 MB
BatchMode: 1, IsHumanControllingUs: 0, StartBugReporterOnCrash: 0, Is64bit: 1, IsPro: 0

COMMAND LINE ARGUMENTS:
C:\Program Files\Unity\Hub\Editor\2020.3.23f1\Editor\Unity.exe
-adb2
-batchMode
-noUpm
-name
AssetImportWorker0
-projectPath
C:/Users/dover/EscapeRoom
-logFile
Logs/AssetImportWorker0.log
-srvPort
64645
Successfully changed project path to: C:/Users/dover/EscapeRoom
C:/Users/dover/EscapeRoom
Using Asset Import Pipeline V2.
Refreshing native plugins compatible for Editor in 67.08 ms, found 3 plugins.
Preloading 0 native plugins for Editor in 0.00 ms.
Initialize engine version: 2020.3.23f1 (c5d91304a876)
[Subsystems] Discovering subsystems at path C:/Program Files/Unity/Hub/Editor/2020.3.23f1/Editor/Data/Resources/UnitySubsystems
[Subsystems] Discovering subsystems at path C:/Users/dover/EscapeRoom/Assets
GfxDevice: creating device client; threaded=0
Direct3D:
    Version:  Direct3D 11.0 [level 11.1]
    Renderer: NVIDIA GeForce RTX 2070 Super (ID=0x1e91)
    Vendor:   
    VRAM:     8012 MB
    Driver:   30.0.14.9649
Initialize mono
Mono path[0] = 'C:/Program Files/Unity/Hub/Editor/2020.3.23f1/Editor/Data/Managed'
Mono path[1] = 'C:/Program Files/Unity/Hub/Editor/2020.3.23f1/Editor/Data/MonoBleedingEdge/lib/mono/unityjit'
Mono config path = 'C:/Program Files/Unity/Hub/Editor/2020.3.23f1/Editor/Data/MonoBleedingEdge/etc'
Using monoOptions --debugger-agent=transport=dt_socket,embedding=1,server=y,suspend=n,address=127.0.0.1:56356
Begin MonoManager ReloadAssembly
Registering precompiled unity dll's ...
Register platform support module: C:/Program Files/Unity/Hub/Editor/2020.3.23f1/Editor/Data/PlaybackEngines/WebGLSupport/UnityEditor.WebGL.Extensions.dll
Register platform support module: C:/Program Files/Unity/Hub/Editor/2020.3.23f1/Editor/Data/PlaybackEngines/WindowsStandaloneSupport/UnityEditor.WindowsStandalone.Extensions.dll
Registered in 0.003083 seconds.
Native extension for WindowsStandalone target not found
Native extension for WebGL target not found
Refreshing native plugins compatible for Editor in 78.18 ms, found 3 plugins.
Preloading 0 native plugins for Editor in 0.00 ms.
Mono: successfully reloaded assembly
- Completed reload, in  0.669 seconds
Domain Reload Profiling:
	ReloadAssembly (669ms)
		BeginReloadAssembly (65ms)
			ExecutionOrderSort (0ms)
			DisableScriptedObjects (0ms)
			BackupInstance (0ms)
			ReleaseScriptingObjects (0ms)
			CreateAndSetChildDomain (1ms)
		EndReloadAssembly (522ms)
			LoadAssemblies (62ms)
			RebuildTransferFunctionScriptingTraits (0ms)
			SetupTypeCache (159ms)
			ReleaseScriptCaches (0ms)
			RebuildScriptCaches (38ms)
			SetupLoadedEditorAssemblies (227ms)
				LogAssemblyErrors (0ms)
				InitializePlatformSupportModulesInManaged (6ms)
				SetLoadedEditorAssemblies (1ms)
				RefreshPlugins (78ms)
				BeforeProcessingInitializeOnLoad (16ms)
				ProcessInitializeOnLoadAttributes (96ms)
				ProcessInitializeOnLoadMethodAttributes (29ms)
				AfterProcessingInitializeOnLoad (0ms)
				EditorAssembliesLoaded (0ms)
			ExecutionOrderSort2 (0ms)
			AwakeInstancesAfterBackupRestoration (0ms)
Platform modules already initialized, skipping
Registering precompiled user dll's ...
Registered in 0.006333 seconds.
Begin MonoManager ReloadAssembly
Native extension for WindowsStandalone target not found
Native extension for WebGL target not found
Refreshing native plugins compatible for Editor in 80.99 ms, found 3 plugins.
Preloading 0 native plugins for Editor in 0.00 ms.
Mono: successfully reloaded assembly
- Completed reload, in  1.401 seconds
Domain Reload Profiling:
	ReloadAssembly (1402ms)
		BeginReloadAssembly (149ms)
			ExecutionOrderSort (0ms)
			DisableScriptedObjects (5ms)
			BackupInstance (0ms)
			ReleaseScriptingObjects (0ms)
			CreateAndSetChildDomain (18ms)
		EndReloadAssembly (1188ms)
			LoadAssemblies (105ms)
			RebuildTransferFunctionScriptingTraits (0ms)
			SetupTypeCache (360ms)
			ReleaseScriptCaches (1ms)
			RebuildScriptCaches (73ms)
			SetupLoadedEditorAssemblies (504ms)
				LogAssemblyErrors (0ms)
				InitializePlatformSupportModulesInManaged (6ms)
				SetLoadedEditorAssemblies (0ms)
				RefreshPlugins (81ms)
				BeforeProcessingInitializeOnLoad (150ms)
				ProcessInitializeOnLoadAttributes (241ms)
				ProcessInitializeOnLoadMethodAttributes (17ms)
				AfterProcessingInitializeOnLoad (8ms)
				EditorAssembliesLoaded (0ms)
			ExecutionOrderSort2 (0ms)
			AwakeInstancesAfterBackupRestoration (7ms)
Platform modules already initialized, skipping
========================================================================
Worker process is ready to serve import requests
Launched and connected shader compiler UnityShaderCompiler.exe after 0.04 seconds
Refreshing native plugins compatible for Editor in 0.57 ms, found 3 plugins.
Preloading 0 native plugins for Editor in 0.00 ms.
Unloading 3368 Unused Serialized files (Serialized files now loaded: 0)
System memory in use before: 146.7 MB.
System memory in use after: 146.9 MB.

Unloading 29 unused Assets to reduce memory usage. Loaded Objects now: 3803.
Total: 3.312000 ms (FindLiveObjects: 0.301100 ms CreateObjectMapping: 0.152000 ms MarkObjects: 2.784000 ms  DeleteObjects: 0.073900 ms)

AssetImportParameters requested are different than current active one (requested -> active):
  custom:framework-win-MediaFoundation: 216162199b28c13a410421893ffa2e32 -> 
  custom:video-decoder-ogg-theora: a1e56fd34408186e4bbccfd4996cb3dc -> 
  custom:container-muxer-webm: aa71ff27fc2769a1b78a27578f13a17b -> 
  custom:container-demuxer-webm: 4f35f7cbe854078d1ac9338744f61a02 -> 
  custom:container-demuxer-ogg: 62fdf1f143b41e24485cea50d1cbac27 -> 
  custom:video-encoder-webm-vp8: eb34c28f22e8b96e1ab97ce403110664 -> 
  custom:video-codec-MediaFoundation-h265: 746d11721c4dcdbdad8f713fa42b33f4 -> 
  custom:video-decoder-webm-vp8: 9c59270c3fd7afecdb556c50c9e8de78 -> 
  custom:audio-decoder-ogg-vorbis: bf7c407c2cedff20999df2af8eb42d56 -> 
  custom:audio-encoder-webm-vorbis: bf7c407c2cedff20999df2af8eb42d56 -> 
========================================================================
Received Import Request.
  path: Assets/Scripts/CollectableObject.cs
  artifactKey: Guid(b2d548e06f2ecdb44be7b6cbf0019d7d) Importer(815301076,1909f56bfc062723c751e8b465ee728b)
Start importing Assets/Scripts/CollectableObject.cs using Guid(b2d548e06f2ecdb44be7b6cbf0019d7d) Importer(815301076,1909f56bfc062723c751e8b465ee728b)  -> (artifact id: '5328b676cc79122a7a64bef0c74ac945') in 0.018877 seconds 
  Import took 0.023173 seconds .

========================================================================
Received Import Request.
  Time since last request: 0.000336 seconds.
  path: Assets/Scripts/CreateNewCollectable.cs
  artifactKey: Guid(32ce48782ea68f34192c81d495366dac) Importer(815301076,1909f56bfc062723c751e8b465ee728b)
Start importing Assets/Scripts/CreateNewCollectable.cs using Guid(32ce48782ea68f34192c81d495366dac) Importer(815301076,1909f56bfc062723c751e8b465ee728b)  -> (artifact id: '9c22b8f801bf566f51887943967dcbc2') in 0.001891 seconds 
  Import took 0.005506 seconds .

========================================================================
Received Import Request.
  Time since last request: 7.167446 seconds.
  path: Assets/Scripts/Inventory.cs
  artifactKey: Guid(6243470d6aa56e143a188188c037a187) Importer(815301076,1909f56bfc062723c751e8b465ee728b)
Start importing Assets/Scripts/Inventory.cs using Guid(6243470d6aa56e143a188188c037a187) Importer(815301076,1909f56bfc062723c751e8b465ee728b)  -> (artifact id: '7bc2469dca9f0e374ddf40898bebe035') in 0.003871 seconds 
  Import took 0.011698 seconds .

========================================================================
Received Import Request.
  Time since last request: 37.629154 seconds.
  path: Assets/Scripts/RoomObject.cs
  artifactKey: Guid(bff3b6fc9d4cb3a49bae3975bf827330) Importer(815301076,1909f56bfc062723c751e8b465ee728b)
Start importing Assets/Scripts/RoomObject.cs using Guid(bff3b6fc9d4cb3a49bae3975bf827330) Importer(815301076,1909f56bfc062723c751e8b465ee728b)  -> (artifact id: 'b3e444788bd631bf00e4842c56ce0b53') in 0.005573 seconds 
  Import took 0.016691 seconds .

========================================================================
Received Import Request.
  Time since last request: 0.505938 seconds.
  path: Assets/Scripts/Task.cs
  artifactKey: Guid(a82bb0fa38ecb8c4e9fa3f5e5293c895) Importer(815301076,1909f56bfc062723c751e8b465ee728b)
Start importing Assets/Scripts/Task.cs using Guid(a82bb0fa38ecb8c4e9fa3f5e5293c895) Importer(815301076,1909f56bfc062723c751e8b465ee728b)  -> (artifact id: '19ef68aa6550310ad86ec07c6804ef35') in 0.007461 seconds 
  Import took 0.021373 seconds .

========================================================================
Received Import Request.
  Time since last request: 1.529801 seconds.
  path: Assets/Scripts/Inventory_UI.cs
  artifactKey: Guid(bb37fee8906aefb4e974fb30b937b00c) Importer(815301076,1909f56bfc062723c751e8b465ee728b)
Start importing Assets/Scripts/Inventory_UI.cs using Guid(bb37fee8906aefb4e974fb30b937b00c) Importer(815301076,1909f56bfc062723c751e8b465ee728b)  -> (artifact id: 'a5def6fbeeba6a8519b003948660ae37') in 0.003446 seconds 
  Import took 0.010351 seconds .

========================================================================
Received Import Request.
  Time since last request: 5.837018 seconds.
  path: Assets/Scripts/TransformerObject.cs
  artifactKey: Guid(3dfc4a43888a60448a39b9c905dbd90d) Importer(815301076,1909f56bfc062723c751e8b465ee728b)
Start importing Assets/Scripts/TransformerObject.cs using Guid(3dfc4a43888a60448a39b9c905dbd90d) Importer(815301076,1909f56bfc062723c751e8b465ee728b)  -> (artifact id: '501e69999211f462e6fc4b472daf3951') in 0.012677 seconds 
  Import took 0.029330 seconds .

========================================================================
Received Import Request.
  Time since last request: 23.683013 seconds.
  path: Assets/Scripts/CameraFocus.cs
  artifactKey: Guid(4c84dab05572d4f409e2b7929e54d951) Importer(815301076,1909f56bfc062723c751e8b465ee728b)
Start importing Assets/Scripts/CameraFocus.cs using Guid(4c84dab05572d4f409e2b7929e54d951) Importer(815301076,1909f56bfc062723c751e8b465ee728b)  -> (artifact id: '9c1c7d37f4b1d5b13ddf64f9282f94fd') in 0.002223 seconds 
  Import took 0.006729 seconds .

========================================================================
Received Import Request.
  Time since last request: 308.118513 seconds.
  path: Assets/Scripts/GameManager.cs
  artifactKey: Guid(7b4e3463e3d3ab94c8a2fd4cc37c2c1a) Importer(815301076,1909f56bfc062723c751e8b465ee728b)
Start importing Assets/Scripts/GameManager.cs using Guid(7b4e3463e3d3ab94c8a2fd4cc37c2c1a) Importer(815301076,1909f56bfc062723c751e8b465ee728b)  -> (artifact id: '3d78f5c006e67d3ab2ccbae83a40338c') in 0.005109 seconds 
  Import took 0.016618 seconds .

AssetImportWorkerClient::OnTransportError - code=2 error=End of file
